Info: constraining clock net 'clk' to 25.00 MHz
Info: constraining clock net 'LP_CLK' to 25.00 MHz
Warning: IO 'init' is unconstrained in LPF and will be automatically placed

Info: Logic utilisation before packing:
Info:     Total LUT4s:     22550/24288    92%
Info:         logic LUTs:  13284/24288    54%
Info:         carry LUTs:     50/24288     0%
Info:           RAM LUTs:   6144/ 3036   202%
Info:          RAMW LUTs:   3072/ 6072    50%

Info:      Total DFFs:       101/24288     0%

Info: Packing IOs..
Info: pin 'rst$tr_io' constrained to Bel 'X6/Y50/PIOA'.
Info: pin 'clk$tr_io' constrained to Bel 'X0/Y47/PIOC'.
Info: pin 'ROW[4]$tr_io' constrained to Bel 'X0/Y38/PIOA'.
Info: pin 'ROW[3]$tr_io' constrained to Bel 'X0/Y41/PIOA'.
Info: pin 'ROW[2]$tr_io' constrained to Bel 'X0/Y38/PIOB'.
Info: pin 'ROW[1]$tr_io' constrained to Bel 'X0/Y35/PIOD'.
Info: pin 'ROW[0]$tr_io' constrained to Bel 'X0/Y44/PIOD'.
Info: pin 'RGB1[2]$tr_io' constrained to Bel 'X72/Y11/PIOA'.
Info: pin 'RGB1[1]$tr_io' constrained to Bel 'X72/Y17/PIOA'.
Info: pin 'RGB1[0]$tr_io' constrained to Bel 'X72/Y17/PIOB'.
Info: pin 'RGB0[2]$tr_io' constrained to Bel 'X72/Y17/PIOD'.
Info: pin 'RGB0[1]$tr_io' constrained to Bel 'X72/Y29/PIOA'.
Info: pin 'RGB0[0]$tr_io' constrained to Bel 'X72/Y17/PIOC'.
Info: pin 'NOE$tr_io' constrained to Bel 'X0/Y35/PIOC'.
Info: pin 'LP_CLK$tr_io' constrained to Bel 'X0/Y32/PIOD'.
Info: pin 'LATCH$tr_io' constrained to Bel 'X0/Y32/PIOA'.
Info: Packing constants..
Info: Packing carries...
Info: Packing LUTs...
Info: Packing LUT5-7s...
Info: Packing FFs...
Info:     33 FFs paired with LUTs.
Info: Generating derived timing constraints...
Info: Promoting globals...
Info:     promoting clock net clk1 to global network
Info:     promoting clock net clk$TRELLIS_IO_IN to global network
Info: Checksum: 0x68dd1916

Info: Device utilisation:
Info: 	          TRELLIS_IO:    17/  197     8%
Info: 	                DCCA:     2/   56     3%
Info: 	              DP16KD:    54/   56    96%
Info: 	          MULT18X18D:     0/   28     0%
Info: 	              ALU54B:     0/   14     0%
Info: 	             EHXPLLL:     0/    2     0%
Info: 	             EXTREFB:     0/    1     0%
Info: 	                DCUA:     0/    1     0%
Info: 	           PCSCLKDIV:     0/    2     0%
Info: 	             IOLOGIC:     0/  128     0%
Info: 	            SIOLOGIC:     0/   69     0%
Info: 	                 GSR:     0/    1     0%
Info: 	               JTAGG:     0/    1     0%
Info: 	                OSCG:     0/    1     0%
Info: 	               SEDGA:     0/    1     0%
Info: 	                 DTR:     0/    1     0%
Info: 	             USRMCLK:     0/    1     0%
Info: 	             CLKDIVF:     0/    4     0%
Info: 	           ECLKSYNCB:     0/   10     0%
Info: 	             DLLDELD:     0/    8     0%
Info: 	              DDRDLL:     0/    4     0%
Info: 	             DQSBUFM:     0/    8     0%
Info: 	     TRELLIS_ECLKBUF:     0/    8     0%
Info: 	        ECLKBRIDGECS:     0/    2     0%
Info: 	                DCSC:     0/    2     0%
Info: 	          TRELLIS_FF:   101/24288     0%
Info: 	        TRELLIS_COMB: 22580/24288    92%
Info: 	        TRELLIS_RAMW:  1536/ 3036    50%

Info: Placed 16 cells based on constraints.
Info: Creating initial analytic placement for 6120 cells, random placement wirelen = 455047.
Info:     at initial placer iter 0, wirelen = 2093
Info:     at initial placer iter 1, wirelen = 1022
Info:     at initial placer iter 2, wirelen = 817
Info:     at initial placer iter 3, wirelen = 782
Info: Running main analytical placer, max placement attempts per cell = 73750512.
Info:     at iteration #1, type ALL: wirelen solved = 776, spread = 135597, legal = 142819; time = 0.66s
Info:     at iteration #2, type ALL: wirelen solved = 11393, spread = 79602, legal = 92347; time = 0.70s
Info:     at iteration #3, type ALL: wirelen solved = 16927, spread = 75611, legal = 89585; time = 0.68s
Info:     at iteration #4, type ALL: wirelen solved = 21460, spread = 72942, legal = 86111; time = 0.67s
Info:     at iteration #5, type ALL: wirelen solved = 23385, spread = 69432, legal = 83440; time = 0.66s
Info:     at iteration #6, type ALL: wirelen solved = 23934, spread = 67921, legal = 81666; time = 0.65s
Info:     at iteration #7, type ALL: wirelen solved = 24768, spread = 66548, legal = 80270; time = 0.65s
Info:     at iteration #8, type ALL: wirelen solved = 26116, spread = 65971, legal = 79476; time = 0.65s
Info:     at iteration #9, type ALL: wirelen solved = 26137, spread = 65593, legal = 78920; time = 0.64s
Info:     at iteration #10, type ALL: wirelen solved = 26895, spread = 64959, legal = 77486; time = 0.63s
Info:     at iteration #11, type ALL: wirelen solved = 27858, spread = 64786, legal = 78123; time = 0.63s
Info:     at iteration #12, type ALL: wirelen solved = 27716, spread = 64427, legal = 78407; time = 0.63s
Info:     at iteration #13, type ALL: wirelen solved = 28287, spread = 64297, legal = 77305; time = 0.62s
Info:     at iteration #14, type ALL: wirelen solved = 28889, spread = 63955, legal = 76749; time = 0.64s
Info:     at iteration #15, type ALL: wirelen solved = 28983, spread = 63927, legal = 76984; time = 0.64s
Info:     at iteration #16, type ALL: wirelen solved = 29650, spread = 64024, legal = 77106; time = 0.63s
Info:     at iteration #17, type ALL: wirelen solved = 29552, spread = 63838, legal = 76349; time = 0.64s
Info:     at iteration #18, type ALL: wirelen solved = 29724, spread = 63670, legal = 77113; time = 0.62s
Info:     at iteration #19, type ALL: wirelen solved = 30720, spread = 63806, legal = 76713; time = 0.61s
Info:     at iteration #20, type ALL: wirelen solved = 30714, spread = 63875, legal = 77854; time = 0.63s
Info:     at iteration #21, type ALL: wirelen solved = 31919, spread = 63785, legal = 76934; time = 0.61s
Info:     at iteration #22, type ALL: wirelen solved = 31200, spread = 63912, legal = 77572; time = 0.62s
Info: HeAP Placer Time: 22.00s
Info:   of which solving equations: 11.11s
Info:   of which spreading cells: 1.35s
Info:   of which strict legalisation: 2.75s

Info: Running simulated annealing placer for refinement.
Info:   at iteration #1: temp = 0.000000, timing cost = 19733, wirelen = 76349
Info:   at iteration #5: temp = 0.000000, timing cost = 9242, wirelen = 59713
Info:   at iteration #10: temp = 0.000000, timing cost = 12295, wirelen = 53743
Info:   at iteration #15: temp = 0.000000, timing cost = 11309, wirelen = 51622
Info:   at iteration #20: temp = 0.000000, timing cost = 9848, wirelen = 50374
Info:   at iteration #25: temp = 0.000000, timing cost = 11831, wirelen = 49810
Info:   at iteration #29: temp = 0.000000, timing cost = 10466, wirelen = 49666 
Info: SA placement time 80.50s

Info: Max frequency for clock              '$glbnet$clk1': 33.20 MHz (PASS at 12.00 MHz)
Info: Max frequency for clock '$glbnet$clk$TRELLIS_IO_IN': 250.88 MHz (PASS at 25.00 MHz)

Info: Max delay <async>                           -> posedge $glbnet$clk$TRELLIS_IO_IN: 8.34 ns
Info: Max delay <async>                           -> posedge $glbnet$clk1             : 4.48 ns
Info: Max delay posedge $glbnet$clk$TRELLIS_IO_IN -> <async>                          : 6.88 ns
Info: Max delay posedge $glbnet$clk1              -> <async>                          : 4.84 ns
Info: Max delay negedge $glbnet$clk1              -> <async>                          : 17.12 ns

Info: Checksum: 0x8002193e
Info: Routing globals...
Info:     routing clock net $glbnet$clk$TRELLIS_IO_IN using global 0
Info:     routing clock net $glbnet$clk1 using global 1

Info: Routing..
Info: Setting up routing queue.
Info: Routing 99746 arcs.
Info:            |   (re-)routed arcs  |   delta    | remaining|       time spent     |
Info:    IterCnt |  w/ripup   wo/ripup |  w/r  wo/r |      arcs| batch(sec) total(sec)|
Info:       1000 |       94        905 |   94   905 |     98847|       1.52       1.52|
Info:       2000 |      225       1774 |  131   869 |     97996|       0.19       1.71|
Info:       3000 |      378       2621 |  153   847 |     97230|       0.21       1.92|
Info:       4000 |      595       3404 |  217   783 |     96651|       0.22       2.15|
Info:       5000 |      747       4252 |  152   848 |     95864|       0.22       2.37|
Info:       6000 |      848       5151 |  101   899 |     95153|       0.25       2.62|
Info:       7000 |      978       6021 |  130   870 |     94838|       0.25       2.88|
Info:       8000 |     1059       6940 |   81   919 |     94117|       0.22       3.09|
Info:       9000 |     1185       7814 |  126   874 |     93553|       0.24       3.34|
Info:      10000 |     1307       8692 |  122   878 |     92994|       0.23       3.57|
Info:      11000 |     1382       9617 |   75   925 |     92434|       0.22       3.79|
Info:      12000 |     1534      10465 |  152   848 |     91763|       0.22       4.01|
Info:      13000 |     1794      11205 |  260   740 |     91190|       0.23       4.23|
Info:      14000 |     1937      12062 |  143   857 |     91956|       0.21       4.44|
Info:      15000 |     2038      12961 |  101   899 |     91730|       0.20       4.65|
Info:      16000 |     2127      13872 |   89   911 |     91297|       0.20       4.85|
Info:      17000 |     2227      14772 |  100   900 |     90833|       0.22       5.07|
Info:      18000 |     2431      15568 |  204   796 |     90267|       0.24       5.31|
Info:      19000 |     2498      16501 |   67   933 |     89802|       0.22       5.53|
Info:      20000 |     2594      17405 |   96   904 |     89027|       0.23       5.76|
Info:      21000 |     2743      18256 |  149   851 |     88816|       0.25       6.01|
Info:      22000 |     3041      18958 |  298   702 |     88511|       0.26       6.27|
Info:      23000 |     3198      19801 |  157   843 |     88359|       0.24       6.51|
Info:      24000 |     3327      20672 |  129   871 |     87912|       0.24       6.75|
Info:      25000 |     3439      21560 |  112   888 |     87844|       0.21       6.96|
Info:      26000 |     3526      22473 |   87   913 |     87579|       0.19       7.15|
Info:      27000 |     3627      23372 |  101   899 |     86995|       0.22       7.37|
Info:      28000 |     3750      24249 |  123   877 |     86541|       0.23       7.59|
Info:      29000 |     3867      25132 |  117   883 |     86168|       0.24       7.84|
Info:      30000 |     4037      25962 |  170   830 |     85457|       0.23       8.06|
Info:      31000 |     4143      26856 |  106   894 |     84820|       0.23       8.29|
Info:      32000 |     4225      27774 |   82   918 |     84086|       0.22       8.51|
Info:      33000 |     4305      28694 |   80   920 |     83730|       0.23       8.74|
Info:      34000 |     4468      29531 |  163   837 |     83054|       0.24       8.98|
Info:      35000 |     4585      30414 |  117   883 |     82627|       0.26       9.24|
Info:      36000 |     4736      31263 |  151   849 |     82297|       0.27       9.51|
Info:      37000 |     4866      32133 |  130   870 |     81986|       0.26       9.76|
Info:      38000 |     4953      33046 |   87   913 |     81490|       0.26      10.02|
Info:      39000 |     5074      33925 |  121   879 |     80861|       0.25      10.27|
Info:      40000 |     5224      34775 |  150   850 |     80774|       0.29      10.56|
Info:      41000 |     5324      35675 |  100   900 |     80972|       0.25      10.81|
Info:      42000 |     5433      36566 |  109   891 |     80306|       0.27      11.08|
Info:      43000 |     5541      37458 |  108   892 |     79563|       0.25      11.33|
Info:      44000 |     5678      38321 |  137   863 |     79303|       0.25      11.58|
Info:      45000 |     5842      39157 |  164   836 |     78839|       0.26      11.85|
Info:      46000 |     5936      40063 |   94   906 |     78066|       0.24      12.09|
Info:      47000 |     6108      40891 |  172   828 |     78134|       0.29      12.38|
Info:      48000 |     6279      41720 |  171   829 |     77774|       0.30      12.68|
Info:      49000 |     6390      42609 |  111   889 |     77551|       0.28      12.96|
Info:      50000 |     6599      43400 |  209   791 |     77783|       0.31      13.27|
Info:      51000 |     6759      44240 |  160   840 |     77408|       0.28      13.55|
Info:      52000 |     6928      45071 |  169   831 |     77012|       0.27      13.82|
Info:      53000 |     7092      45907 |  164   836 |     76778|       0.25      14.07|
Info:      54000 |     7237      46762 |  145   855 |     76137|       0.27      14.34|
Info:      55000 |     7374      47625 |  137   863 |     76300|       0.26      14.60|
Info:      56000 |     7531      48468 |  157   843 |     76039|       0.29      14.88|
Info:      57000 |     7708      49291 |  177   823 |     75609|       0.28      15.16|
Info:      58000 |     7795      50204 |   87   913 |     75234|       0.25      15.42|
Info:      59000 |     7969      51030 |  174   826 |     75275|       0.26      15.67|
Info:      60000 |     8097      51902 |  128   872 |     74627|       0.26      15.93|
Info:      61000 |     8228      52771 |  131   869 |     74266|       0.25      16.18|
Info:      62000 |     8413      53586 |  185   815 |     74187|       0.30      16.49|
Info:      63000 |     8578      54421 |  165   835 |     74992|       0.27      16.76|
Info:      64000 |     8626      55373 |   48   952 |     74144|       0.27      17.03|
Info:      65000 |     8758      56241 |  132   868 |     74068|       0.26      17.29|
Info:      66000 |     8846      57153 |   88   912 |     74112|       0.27      17.56|
Info:      67000 |     8989      58010 |  143   857 |     73588|       0.29      17.84|
Info:      68000 |     9117      58882 |  128   872 |     73244|       0.26      18.10|
Info:      69000 |     9225      59774 |  108   892 |     73173|       0.28      18.38|
Info:      70000 |     9390      60609 |  165   835 |     72589|       0.27      18.65|
Info:      71000 |     9534      61465 |  144   856 |     72171|       0.29      18.94|
Info:      72000 |     9684      62315 |  150   850 |     71923|       0.26      19.21|
Info:      73000 |     9825      63174 |  141   859 |     71417|       0.27      19.48|
Info:      74000 |     9966      64033 |  141   859 |     71326|       0.30      19.78|
Info:      75000 |    10083      64916 |  117   883 |     70588|       0.27      20.05|
Info:      76000 |    10231      65768 |  148   852 |     70496|       0.28      20.33|
Info:      77000 |    10426      66573 |  195   805 |     70251|       0.31      20.64|
Info:      78000 |    10538      67461 |  112   888 |     69514|       0.26      20.90|
Info:      79000 |    10710      68289 |  172   828 |     69251|       0.32      21.22|
Info:      80000 |    10821      69178 |  111   889 |     70389|       0.29      21.51|
Info:      81000 |    10895      70104 |   74   926 |     69646|       0.26      21.76|
Info:      82000 |    10980      71019 |   85   915 |     68973|       0.26      22.02|
Info:      83000 |    11121      71878 |  141   859 |     68573|       0.29      22.31|
Info:      84000 |    11234      72765 |  113   887 |     67967|       0.26      22.58|
Info:      85000 |    11333      73666 |   99   901 |     67578|       0.27      22.85|
Info:      86000 |    11501      74498 |  168   832 |     67325|       0.32      23.17|
Info:      87000 |    11682      75317 |  181   819 |     67209|       0.32      23.49|
Info:      88000 |    11810      76189 |  128   872 |     67325|       0.31      23.80|
Info:      89000 |    11914      77085 |  104   896 |     67409|       0.30      24.10|
Info:      90000 |    12089      77910 |  175   825 |     67347|       0.29      24.39|
Info:      91000 |    12223      78776 |  134   866 |     67038|       0.30      24.69|
Info:      92000 |    12377      79622 |  154   846 |     67488|       0.31      25.00|
Info:      93000 |    12552      80447 |  175   825 |     67440|       0.31      25.31|
Info:      94000 |    12693      81306 |  141   859 |     67105|       0.31      25.62|
Info:      95000 |    12888      82111 |  195   805 |     67224|       0.30      25.92|
Info:      96000 |    13043      82956 |  155   845 |     67115|       0.30      26.21|
Info:      97000 |    13203      83796 |  160   840 |     67341|       0.34      26.55|
Info:      98000 |    13369      84630 |  166   834 |     66777|       0.32      26.87|
Info:      99000 |    13522      85477 |  153   847 |     67350|       0.31      27.18|
Info:     100000 |    13648      86351 |  126   874 |     66621|       0.30      27.48|
Info:     101000 |    13823      87176 |  175   825 |     67293|       0.29      27.76|
Info:     102000 |    13970      88029 |  147   853 |     66529|       0.28      28.04|
Info:     103000 |    14140      88859 |  170   830 |     66013|       0.31      28.35|
Info:     104000 |    14287      89712 |  147   853 |     65790|       0.30      28.64|
Info:     105000 |    14430      90569 |  143   857 |     65091|       0.33      28.98|
Info:     106000 |    14590      91409 |  160   840 |     64509|       0.28      29.25|
Info:     107000 |    14730      92269 |  140   860 |     64185|       0.30      29.55|
Info:     108000 |    14930      93069 |  200   800 |     64100|       0.34      29.89|
Info:     109000 |    15139      93860 |  209   791 |     64021|       0.35      30.25|
Info:     110000 |    15272      94727 |  133   867 |     63629|       0.29      30.54|
Info:     111000 |    15426      95573 |  154   846 |     64534|       0.29      30.83|
Info:     112000 |    15485      96514 |   59   941 |     63619|       0.25      31.08|
Info:     113000 |    15602      97397 |  117   883 |     64759|       0.28      31.36|
Info:     114000 |    15754      98245 |  152   848 |     64319|       0.30      31.66|
Info:     115000 |    15913      99086 |  159   841 |     63959|       0.28      31.94|
Info:     116000 |    16058      99941 |  145   855 |     63599|       0.29      32.23|
Info:     117000 |    16211     100788 |  153   847 |     63084|       0.29      32.52|
Info:     118000 |    16380     101619 |  169   831 |     63225|       0.35      32.88|
Info:     119000 |    16600     102399 |  220   780 |     62731|       0.34      33.22|
Info:     120000 |    16807     103192 |  207   793 |     62672|       0.33      33.55|
Info:     121000 |    17029     103970 |  222   778 |     62474|       0.35      33.90|
Info:     122000 |    17199     104800 |  170   830 |     62661|       0.30      34.20|
Info:     123000 |    17309     105690 |  110   890 |     62900|       0.26      34.47|
Info:     124000 |    17454     106545 |  145   855 |     63280|       0.29      34.75|
Info:     125000 |    17500     107499 |   46   954 |     62613|       0.26      35.01|
Info:     126000 |    17630     108369 |  130   870 |     61962|       0.29      35.30|
Info:     127000 |    17787     109212 |  157   843 |     61508|       0.28      35.58|
Info:     128000 |    17933     110066 |  146   854 |     62064|       0.34      35.92|
Info:     129000 |    18051     110948 |  118   882 |     61686|       0.32      36.24|
Info:     130000 |    18225     111774 |  174   826 |     61513|       0.32      36.56|
Info:     131000 |    18385     112614 |  160   840 |     61379|       0.30      36.86|
Info:     132000 |    18505     113494 |  120   880 |     60893|       0.31      37.17|
Info:     133000 |    18628     114371 |  123   877 |     60705|       0.31      37.48|
Info:     134000 |    18800     115199 |  172   828 |     60479|       0.31      37.79|
Info:     135000 |    18990     116009 |  190   810 |     62045|       0.36      38.15|
Info:     136000 |    19235     116764 |  245   755 |     62149|       0.40      38.56|
Info:     137000 |    19380     117619 |  145   855 |     61518|       0.34      38.89|
Info:     138000 |    19510     118489 |  130   870 |     60970|       0.36      39.25|
Info:     139000 |    19657     119342 |  147   853 |     61500|       0.35      39.60|
Info:     140000 |    19779     120220 |  122   878 |     61495|       0.31      39.91|
Info:     141000 |    19887     121112 |  108   892 |     60663|       0.31      40.22|
Info:     142000 |    20040     121959 |  153   847 |     60354|       0.36      40.58|
Info:     143000 |    20222     122777 |  182   818 |     59833|       0.31      40.89|
Info:     144000 |    20362     123637 |  140   860 |     60187|       0.36      41.24|
Info:     145000 |    20596     124403 |  234   766 |     59903|       0.37      41.61|
Info:     146000 |    20777     125222 |  181   819 |     59794|       0.34      41.95|
Info:     147000 |    20928     126071 |  151   849 |     60557|       0.34      42.29|
Info:     148000 |    21093     126906 |  165   835 |     60657|       0.35      42.64|
Info:     149000 |    21224     127775 |  131   869 |     60211|       0.33      42.97|
Info:     150000 |    21399     128600 |  175   825 |     61313|       0.36      43.33|
Info:     151000 |    21550     129449 |  151   849 |     60852|       0.39      43.71|
Info:     152000 |    21718     130281 |  168   832 |     60827|       0.42      44.13|
Info:     153000 |    21865     131134 |  147   853 |     60250|       0.36      44.48|
Info:     154000 |    22019     131980 |  154   846 |     59606|       0.38      44.87|
Info:     155000 |    22263     132736 |  244   756 |     59441|       0.35      45.21|
Info:     156000 |    22524     133475 |  261   739 |     59195|       0.38      45.59|
Info:     157000 |    22691     134308 |  167   833 |     58886|       0.29      45.88|
Info:     158000 |    22751     135248 |   60   940 |     60167|       0.30      46.18|
Info:     159000 |    22840     136159 |   89   911 |     59334|       0.34      46.52|
Info:     160000 |    22951     137048 |  111   889 |     58689|       0.32      46.84|
Info:     161000 |    23157     137842 |  206   794 |     58121|       0.30      47.14|
Info:     162000 |    23336     138663 |  179   821 |     58455|       0.33      47.48|
Info:     163000 |    23485     139514 |  149   851 |     58346|       0.33      47.81|
Info:     164000 |    23660     140339 |  175   825 |     58352|       0.36      48.17|
Info:     165000 |    23845     141154 |  185   815 |     58873|       0.39      48.56|
Info:     166000 |    24016     141983 |  171   829 |     58282|       0.37      48.92|
Info:     167000 |    24246     142753 |  230   770 |     58028|       0.41      49.33|
Info:     168000 |    24458     143541 |  212   788 |     58235|       0.36      49.69|
Info:     169000 |    24651     144348 |  193   807 |     58162|       0.41      50.10|
Info:     170000 |    24855     145144 |  204   796 |     57705|       0.36      50.47|
Info:     171000 |    25020     145979 |  165   835 |     57633|       0.36      50.83|
Info:     172000 |    25158     146841 |  138   862 |     57163|       0.33      51.16|
Info:     173000 |    25366     147633 |  208   792 |     56815|       0.33      51.49|
Info:     174000 |    25597     148402 |  231   769 |     56385|       0.34      51.83|
Info:     175000 |    25800     149199 |  203   797 |     55921|       0.32      52.15|
Info:     176000 |    26084     149915 |  284   716 |     55988|       0.38      52.53|
Info:     177000 |    26321     150678 |  237   763 |     55654|       0.37      52.89|
Info:     178000 |    26547     151452 |  226   774 |     56056|       0.35      53.24|
Info:     179000 |    26743     152256 |  196   804 |     55978|       0.41      53.65|
Info:     180000 |    26884     153115 |  141   859 |     55749|       0.35      54.00|
Info:     181000 |    27098     153901 |  214   786 |     55457|       0.39      54.40|
Info:     182000 |    27280     154719 |  182   818 |     55139|       0.35      54.75|
Info:     183000 |    27555     155444 |  275   725 |     55010|       0.33      55.08|
Info:     184000 |    27780     156219 |  225   775 |     54976|       0.39      55.47|
Info:     185000 |    27971     157028 |  191   809 |     54772|       0.38      55.85|
Info:     186000 |    28185     157814 |  214   786 |     54669|       0.41      56.26|
Info:     187000 |    28383     158616 |  198   802 |     54589|       0.37      56.63|
Info:     188000 |    28563     159436 |  180   820 |     54079|       0.32      56.96|
Info:     189000 |    28735     160264 |  172   828 |     54115|       0.36      57.32|
Info:     190000 |    28932     161067 |  197   803 |     53875|       0.34      57.66|
Info:     191000 |    29133     161866 |  201   799 |     54767|       0.35      58.00|
Info:     192000 |    29187     162812 |   54   946 |     53846|       0.28      58.28|
Info:     193000 |    29340     163659 |  153   847 |     53331|       0.30      58.58|
Info:     194000 |    29601     164398 |  261   739 |     52960|       0.33      58.91|
Info:     195000 |    29886     165113 |  285   715 |     52671|       0.34      59.25|
Info:     196000 |    30078     165921 |  192   808 |     52359|       0.34      59.60|
Info:     197000 |    30292     166707 |  214   786 |     52207|       0.36      59.95|
Info:     198000 |    30484     167515 |  192   808 |     51796|       0.35      60.30|
Info:     199000 |    30740     168259 |  256   744 |     51647|       0.34      60.65|
Info:     200000 |    30983     169016 |  243   757 |     51408|       0.35      60.99|
Info:     201000 |    31132     169867 |  149   851 |     51825|       0.34      61.33|
Info:     202000 |    31347     170652 |  215   785 |     51424|       0.39      61.72|
Info:     203000 |    31623     171376 |  276   724 |     51396|       0.38      62.10|
Info:     204000 |    31693     172306 |   70   930 |     51680|       0.30      62.40|
Info:     205000 |    31845     173154 |  152   848 |     51315|       0.33      62.73|
Info:     206000 |    32081     173918 |  236   764 |     51170|       0.35      63.08|
Info:     207000 |    32320     174679 |  239   761 |     51090|       0.39      63.47|
Info:     208000 |    32496     175503 |  176   824 |     51254|       0.37      63.84|
Info:     209000 |    32685     176314 |  189   811 |     52022|       0.38      64.22|
Info:     210000 |    32780     177219 |   95   905 |     52125|       0.33      64.55|
Info:     211000 |    32916     178083 |  136   864 |     51726|       0.38      64.93|
Info:     212000 |    33101     178898 |  185   815 |     51289|       0.43      65.36|
Info:     213000 |    33348     179651 |  247   753 |     50919|       0.38      65.74|
Info:     214000 |    33483     180516 |  135   865 |     51239|       0.35      66.09|
Info:     215000 |    33589     181410 |  106   894 |     50455|       0.34      66.43|
Info:     216000 |    33784     182215 |  195   805 |     50161|       0.42      66.85|
Info:     217000 |    33905     183094 |  121   879 |     52148|       0.37      67.22|
Info:     218000 |    33981     184018 |   76   924 |     51376|       0.36      67.58|
Info:     219000 |    34102     184897 |  121   879 |     50850|       0.38      67.96|
Info:     220000 |    34313     185686 |  211   789 |     50875|       0.43      68.39|
Info:     221000 |    34424     186575 |  111   889 |     50237|       0.34      68.73|
Info:     222000 |    34688     187311 |  264   736 |     49957|       0.36      69.09|
Info:     223000 |    34882     188117 |  194   806 |     49540|       0.36      69.45|
Info:     224000 |    35080     188919 |  198   802 |     49257|       0.35      69.80|
Info:     225000 |    35266     189733 |  186   814 |     48713|       0.33      70.13|
Info:     226000 |    35472     190527 |  206   794 |     48296|       0.36      70.49|
Info:     227000 |    35690     191309 |  218   782 |     48110|       0.35      70.83|
Info:     228000 |    35894     192105 |  204   796 |     48792|       0.38      71.22|
Info:     229000 |    36111     192888 |  217   783 |     48977|       0.46      71.67|
Info:     230000 |    36281     193718 |  170   830 |     49315|       0.41      72.08|
Info:     231000 |    36458     194541 |  177   823 |     48735|       0.41      72.49|
Info:     232000 |    36668     195331 |  210   790 |     48532|       0.43      72.92|
Info:     233000 |    36859     196140 |  191   809 |     48489|       0.44      73.36|
Info:     234000 |    37020     196979 |  161   839 |     48330|       0.43      73.78|
Info:     235000 |    37253     197746 |  233   767 |     48356|       0.50      74.28|
Info:     236000 |    37456     198543 |  203   797 |     47952|       0.42      74.70|
Info:     237000 |    37609     199390 |  153   847 |     47828|       0.39      75.09|
Info:     238000 |    37807     200192 |  198   802 |     47222|       0.34      75.43|
Info:     239000 |    38012     200987 |  205   795 |     48655|       0.41      75.84|
Info:     240000 |    38149     201850 |  137   863 |     47908|       0.38      76.21|
Info:     241000 |    38284     202715 |  135   865 |     48014|       0.42      76.64|
Info:     242000 |    38495     203504 |  211   789 |     47704|       0.42      77.06|
Info:     243000 |    38648     204351 |  153   847 |     47669|       0.43      77.48|
Info:     244000 |    38849     205150 |  201   799 |     47262|       0.48      77.96|
Info:     245000 |    39130     205869 |  281   719 |     47310|       0.36      78.32|
Info:     246000 |    39366     206633 |  236   764 |     47081|       0.36      78.68|
Info:     247000 |    39583     207416 |  217   783 |     46849|       0.37      79.06|
Info:     248000 |    39820     208179 |  237   763 |     48125|       0.35      79.41|
Info:     249000 |    40023     208976 |  203   797 |     47918|       0.37      79.78|
Info:     250000 |    40224     209775 |  201   799 |     48777|       0.41      80.18|
Info:     251000 |    40442     210557 |  218   782 |     48777|       0.43      80.61|
Info:     252000 |    40644     211355 |  202   798 |     48719|       0.38      80.99|
Info:     253000 |    40834     212165 |  190   810 |     48468|       0.39      81.38|
Info:     254000 |    41006     212993 |  172   828 |     47836|       0.41      81.79|
Info:     255000 |    41182     213817 |  176   824 |     47230|       0.40      82.19|
Info:     256000 |    41360     214639 |  178   822 |     47071|       0.40      82.59|
Info:     257000 |    41612     215387 |  252   748 |     46567|       0.46      83.05|
Info:     258000 |    41895     216104 |  283   717 |     46493|       0.43      83.48|
Info:     259000 |    42116     216883 |  221   779 |     46400|       0.43      83.91|
Info:     260000 |    42334     217665 |  218   782 |     45988|       0.40      84.31|
Info:     261000 |    42605     218394 |  271   729 |     45497|       0.36      84.67|
Info:     262000 |    42825     219174 |  220   780 |     45455|       0.41      85.09|
Info:     263000 |    43051     219948 |  226   774 |     45111|       0.39      85.48|
Info:     264000 |    43299     220700 |  248   752 |     44862|       0.36      85.84|
Info:     265000 |    43509     221490 |  210   790 |     44432|       0.40      86.24|
Info:     266000 |    43733     222266 |  224   776 |     44140|       0.47      86.71|
Info:     267000 |    44078     222921 |  345   655 |     43942|       0.38      87.09|
Info:     268000 |    44305     223694 |  227   773 |     43886|       0.38      87.46|
Info:     269000 |    44516     224483 |  211   789 |     43523|       0.42      87.89|
Info:     270000 |    44822     225177 |  306   694 |     43420|       0.42      88.30|
Info:     271000 |    45045     225954 |  223   777 |     43094|       0.38      88.69|
Info:     272000 |    45278     226721 |  233   767 |     43008|       0.40      89.08|
Info:     273000 |    45531     227468 |  253   747 |     42477|       0.39      89.48|
Info:     274000 |    45789     228210 |  258   742 |     43451|       0.47      89.95|
Info:     275000 |    45951     229048 |  162   838 |     43960|       0.44      90.39|
Info:     276000 |    46080     229919 |  129   871 |     43171|       0.42      90.81|
Info:     277000 |    46247     230752 |  167   833 |     43365|       0.40      91.21|
Info:     278000 |    46398     231601 |  151   849 |     42836|       0.41      91.63|
Info:     279000 |    46658     232341 |  260   740 |     42365|       0.46      92.09|
Info:     280000 |    46891     233108 |  233   767 |     41789|       0.37      92.46|
Info:     281000 |    47120     233879 |  229   771 |     41357|       0.37      92.82|
Info:     282000 |    47478     234521 |  358   642 |     41379|       0.42      93.25|
Info:     283000 |    47772     235227 |  294   706 |     41018|       0.43      93.67|
Info:     284000 |    48032     235967 |  260   740 |     40581|       0.41      94.08|
Info:     285000 |    48297     236698 |  265   731 |     40080|       0.38      94.45|
Info:     286000 |    48510     237483 |  213   785 |     39569|       0.36      94.81|
Info:     287000 |    48669     238324 |  159   841 |     40034|       0.45      95.26|
Info:     288000 |    48868     239125 |  199   801 |     39809|       0.47      95.73|
Info:     289000 |    49085     239908 |  217   783 |     39497|       0.44      96.17|
Info:     290000 |    49307     240685 |  222   777 |     38975|       0.36      96.54|
Info:     291000 |    49497     241492 |  190   807 |     38305|       0.32      96.86|
Info:     292000 |    49700     242287 |  203   795 |     38940|       0.41      97.27|
Info:     293000 |    49887     243100 |  187   813 |     39149|       0.47      97.73|
Info:     294000 |    50071     243916 |  184   816 |     38565|       0.49      98.22|
Info:     295000 |    50280     244707 |  209   791 |     38030|       0.48      98.71|
Info:     296000 |    50557     245424 |  277   717 |     37574|       0.43      99.14|
Info:     297000 |    50796     246181 |  239   757 |     37421|       0.39      99.53|
Info:     298000 |    51021     246953 |  225   772 |     37145|       0.37      99.90|
Info:     299000 |    51218     247756 |  197   803 |     37301|       0.44     100.34|
Info:     300000 |    51416     248558 |  198   802 |     37023|       0.48     100.82|
Info:     301000 |    51612     249362 |  196   804 |     37258|       0.47     101.30|
Info:     302000 |    51838     250136 |  226   774 |     37012|       0.49     101.79|
Info:     303000 |    52060     250910 |  222   774 |     36698|       0.43     102.22|
Info:     304000 |    52268     251700 |  208   790 |     36189|       0.42     102.64|
Info:     305000 |    52436     252530 |  168   830 |     35408|       0.27     102.91|
Info:     306000 |    52588     253375 |  152   845 |     34830|       0.44     103.35|
Info:     307000 |    52776     254175 |  188   800 |     34171|       0.28     103.63|
Info:     308000 |    53016     254933 |  240   758 |     34083|       0.42     104.05|
Info:     309000 |    53235     255714 |  219   781 |     34077|       0.50     104.55|
Info:     310000 |    53435     256503 |  200   789 |     33463|       0.38     104.94|
Info:     311000 |    53644     257294 |  209   791 |     34007|       0.42     105.35|
Info:     312000 |    53850     258088 |  206   794 |     34287|       0.50     105.86|
Info:     313000 |    54016     258922 |  166   834 |     33825|       0.49     106.35|
Info:     314000 |    54199     259739 |  183   817 |     33314|       0.51     106.86|
Info:     315000 |    54418     260511 |  219   772 |     32953|       0.42     107.29|
Info:     316000 |    54594     261323 |  176   812 |     32616|       0.39     107.68|
Info:     317000 |    54799     262112 |  205   789 |     32764|       0.39     108.07|
Info:     318000 |    55030     262881 |  231   769 |     33055|       0.52     108.60|
Info:     319000 |    55207     263704 |  177   823 |     32651|       0.50     109.10|
Info:     320000 |    55457     264454 |  250   750 |     32227|       0.54     109.64|
Info:     321000 |    55679     265222 |  222   768 |     31592|       0.37     110.01|
Info:     322000 |    55846     266029 |  167   807 |     30879|       0.33     110.33|
Info:     323000 |    55989     266864 |  143   835 |     30131|       0.30     110.63|
Info:     324000 |    56192     267627 |  203   763 |     29428|       0.30     110.93|
Info:     325000 |    56394     268403 |  202   776 |     28955|       0.37     111.30|
Info:     326000 |    56648     269117 |  254   714 |     28461|       0.39     111.69|
Info:     327000 |    56890     269870 |  242   753 |     29236|       0.45     112.13|
Info:     328000 |    57140     270620 |  250   750 |     28949|       0.50     112.63|
Info:     329000 |    57348     271412 |  208   792 |     29998|       0.51     113.15|
Info:     330000 |    57489     272271 |  141   859 |     29324|       0.49     113.64|
Info:     331000 |    57704     273056 |  215   785 |     28939|       0.56     114.20|
Info:     332000 |    57927     273833 |  223   777 |     30190|       0.53     114.72|
Info:     333000 |    58111     274649 |  184   816 |     30132|       0.49     115.22|
Info:     334000 |    58308     275452 |  197   803 |     30960|       0.52     115.74|
Info:     335000 |    58552     276208 |  244   756 |     30558|       0.54     116.28|
Info:     336000 |    58748     277012 |  196   804 |     29915|       0.50     116.78|
Info:     337000 |    58963     277797 |  215   785 |     29273|       0.59     117.37|
Info:     338000 |    59224     278536 |  261   739 |     28841|       0.55     117.92|
Info:     339000 |    59508     279252 |  284   716 |     28816|       0.51     118.43|
Info:     340000 |    59737     280023 |  229   771 |     28537|       0.50     118.94|
Info:     341000 |    60040     280720 |  303   697 |     28957|       0.49     119.43|
Info:     342000 |    60262     281488 |  222   768 |     28301|       0.53     119.95|
Info:     343000 |    60512     282193 |  250   705 |     27733|       0.36     120.31|
Info:     344000 |    60705     282965 |  193   772 |     27404|       0.42     120.73|
Info:     345000 |    60907     283689 |  202   724 |     26740|       0.36     121.09|
Info:     346000 |    61130     284373 |  223   684 |     26195|       0.35     121.44|
Info:     347000 |    61339     285052 |  209   679 |     25583|       0.35     121.79|
Info:     348000 |    61511     285744 |  172   692 |     24832|       0.33     122.12|
Info:     349000 |    61663     286408 |  152   664 |     24013|       0.30     122.41|
Info:     350000 |    61816     287052 |  153   644 |     23246|       0.31     122.73|
Info:     351000 |    62037     287780 |  221   728 |     23202|       0.47     123.19|
Info:     352000 |    62268     288443 |  231   663 |     22574|       0.48     123.67|
Info:     353000 |    62378     289112 |  110   669 |     21701|       0.28     123.95|
Info:     354000 |    62564     289812 |  186   700 |     21217|       0.37     124.32|
Info:     355000 |    62679     290495 |  115   683 |     20353|       0.29     124.61|
Info:     356000 |    62841     291132 |  162   637 |     19599|       0.32     124.92|
Info:     357000 |    63017     291778 |  176   646 |     18825|       0.32     125.24|
Info:     358000 |    63144     292453 |  127   675 |     18018|       0.30     125.54|
Info:     359000 |    63355     293106 |  211   653 |     17416|       0.35     125.89|
Info:     360000 |    63579     293740 |  224   634 |     16800|       0.36     126.25|
Info:     361000 |    63840     294388 |  261   648 |     16312|       0.41     126.67|
Info:     362000 |    64099     295056 |  259   668 |     16097|       0.41     127.08|
Info:     363000 |    64330     295820 |  231   764 |     15586|       0.46     127.53|
Info:     364000 |    64336     296814 |    6   994 |     14595|       0.23     127.77|
Info:     365000 |    64341     297809 |    5   995 |     13602|       0.25     128.01|
Info:     366000 |    64342     298808 |    1   999 |     12603|       0.24     128.25|
Info:     367000 |    64345     299805 |    3   997 |     11606|       0.24     128.49|
Info:     368000 |    64347     300802 |    2   997 |     10608|       0.23     128.72|
Info:     369000 |    64348     301801 |    1   999 |      9610|       0.23     128.95|
Info:     370000 |    64349     302800 |    1   999 |      8611|       0.24     129.19|
Info:     371000 |    64349     303800 |    0  1000 |      7611|       0.23     129.42|
Info:     372000 |    64349     304800 |    0  1000 |      6611|       0.24     129.65|
Info:     373000 |    64349     305799 |    0   999 |      5611|       0.23     129.89|
Info:     374000 |    64350     306798 |    1   999 |      4612|       0.23     130.12|
Info:     375000 |    64350     307790 |    0   992 |      3612|       0.24     130.36|
Info:     376000 |    64434     308631 |   84   841 |      2965|       0.33     130.69|
Info:     377000 |    64522     308808 |   88   177 |      2118|       0.32     131.01|
Info:     378000 |    64540     308862 |   18    54 |      1145|       0.26     131.27|
Info:     379000 |    64566     308939 |   26    77 |       192|       0.28     131.55|
Info:     379199 |    64571     308954 |    5    15 |         0|       0.24     131.79|
Info: Routing complete.
Info: Router1 time 131.79s
Info: Checksum: 0x21d46fbd

Info: Critical path report for clock '$glbnet$clk1' (negedge -> negedge):
Info: curr total
Info:  5.6  5.6  Source memory_principal0.MEM.0.37.DOA8
Info:  3.0  8.6    Net memory_principal0.MEM.0.37_DOA8[1] (62,37) -> (17,36)
Info:                Sink memory_principal0.MEM.0.37_DOA8_LUT4_A.B
Info:                Defined in:
Info:                  /home/juan-diego/miniconda3/envs/digital/bin/../share/yosys/ecp5/brams_map.v:45.13-45.16
Info:  0.2  8.8  Source memory_principal0.MEM.0.37_DOA8_LUT4_A.F
Info:  1.0  9.8    Net memory_principal0.MEM.0.21_DOA8_LUT4_A_Z[3] (17,36) -> (12,36)
Info:                Sink memory_principal0.MEM.0.43_DOA2_LUT4_A_Z_LUT4_Z_B_PFUMX_Z_1_ALUT_LUT4_Z.D
Info:                Defined in:
Info:                  /home/juan-diego/miniconda3/envs/digital/bin/../share/yosys/ecp5/cells_map.v:108.23-108.24
Info:  0.2 10.0  Source memory_principal0.MEM.0.43_DOA2_LUT4_A_Z_LUT4_Z_B_PFUMX_Z_1_ALUT_LUT4_Z.F
Info:  0.0 10.0    Net memory_principal0.MEM.0.43_DOA2_LUT4_A_Z_LUT4_Z_B_PFUMX_Z_1_ALUT (12,36) -> (12,36)
Info:                Sink memory_principal0.MEM.0.43_DOA2_LUT4_A_Z_LUT4_Z_B_PFUMX_Z_1_BLUT_LUT4_Z.F1
Info:                Defined in:
Info:                  /home/juan-diego/miniconda3/envs/digital/bin/../share/yosys/ecp5/cells_map.v:133.22-133.24
Info:  0.2 10.2  Source memory_principal0.MEM.0.43_DOA2_LUT4_A_Z_LUT4_Z_B_PFUMX_Z_1_BLUT_LUT4_Z.OFX
Info:  0.7 10.9    Net memory_principal0.MEM.0.43_DOA2_LUT4_A_Z_LUT4_Z_B[0] (12,36) -> (15,35)
Info:                Sink memory_principal0.MEM.0.43_DOA2_LUT4_A_Z_LUT4_Z.B
Info:                Defined in:
Info:                  /home/juan-diego/miniconda3/envs/digital/bin/../share/yosys/ecp5/cells_map.v:108.23-108.24
Info:  0.2 11.2  Source memory_principal0.MEM.0.43_DOA2_LUT4_A_Z_LUT4_Z.F
Info:  3.2 14.3    Net memory_principal0.MEM.0.43_DOA2_LUT4_A_Z[2] (15,35) -> (39,11)
Info:                Sink memory_principal0.data_out_LUT4_Z_18.C
Info:                Defined in:
Info:                  /home/juan-diego/miniconda3/envs/digital/bin/../share/yosys/ecp5/cells_map.v:108.23-108.24
Info:  0.2 14.6  Source memory_principal0.data_out_LUT4_Z_18.F
Info:  3.0 17.5    Net w_data[5] (39,11) -> (17,21)
Info:                Sink memory_doble0.MEM0.0.217$RAMW_SLICE.A1
Info:                Defined in:
Info:                  Led_panel_video.v:51.17-51.23
Info:  0.0 17.5  Source memory_doble0.MEM0.0.217$RAMW_SLICE.WDO1
Info:  0.1 17.6    Net memory_doble0.MEM0.0.217$RAMW_SLICE$conn$WDO1 (17,21) -> (17,21)
Info:                Sink memory_doble0.MEM0.0.217$DPRAM_COMB1.WD
Info:  0.0 17.6  Setup memory_doble0.MEM0.0.217$DPRAM_COMB1.WD
Info: 6.7 ns logic, 10.9 ns routing

Info: Critical path report for clock '$glbnet$clk$TRELLIS_IO_IN' (posedge -> posedge):
Info: curr total
Info:  0.5  0.5  Source clk_counter_TRELLIS_FF_Q_4.Q
Info:  1.1  1.6    Net clk_counter[0] (3,4) -> (2,4)
Info:                Sink clk1_TRELLIS_FF_Q_CE_PFUMX_Z_ALUT_LUT4_Z.A
Info:                Defined in:
Info:                  Led_panel_video.v:73.28-73.43
Info:                  /home/juan-diego/miniconda3/envs/digital/bin/../share/yosys/ecp5/arith_map.v:63.22-63.23
Info:  0.2  1.8  Source clk1_TRELLIS_FF_Q_CE_PFUMX_Z_ALUT_LUT4_Z.F
Info:  0.0  1.8    Net clk1_TRELLIS_FF_Q_CE_PFUMX_Z_ALUT (2,4) -> (2,4)
Info:                Sink clk1_TRELLIS_FF_Q_CE_PFUMX_Z_BLUT_LUT4_Z.F1
Info:                Defined in:
Info:                  /home/juan-diego/miniconda3/envs/digital/bin/../share/yosys/ecp5/cells_map.v:133.22-133.24
Info:  0.2  2.0  Source clk1_TRELLIS_FF_Q_CE_PFUMX_Z_BLUT_LUT4_Z.OFX
Info:  0.7  2.7    Net clk1_TRELLIS_FF_Q_CE[0] (2,4) -> (3,5)
Info:                Sink clk1_TRELLIS_FF_Q_CE_LUT4_C.C
Info:                Defined in:
Info:                  /home/juan-diego/miniconda3/envs/digital/bin/../share/yosys/ecp5/cells_map.v:108.23-108.24
Info:  0.2  2.9  Source clk1_TRELLIS_FF_Q_CE_LUT4_C.F
Info:  0.7  3.6    Net clk1_TRELLIS_FF_Q_CE_LUT4_C_Z (3,5) -> (3,4)
Info:                Sink clk_counter_TRELLIS_FF_Q_2.LSR
Info:  0.4  4.0  Setup clk_counter_TRELLIS_FF_Q_2.LSR
Info: 1.6 ns logic, 2.4 ns routing

Info: Critical path report for cross-domain path '<async>' -> 'posedge $glbnet$clk$TRELLIS_IO_IN':
Info: curr total
Info:  0.0  0.0  Source rst$tr_io.O
Info:  3.9  3.9    Net rst$TRELLIS_IO_IN (6,50) -> (3,5)
Info:                Sink clk1_TRELLIS_FF_Q_CE_LUT4_C.D
Info:                Defined in:
Info:                  Led_panel_video.v:4.19-4.22
Info:  0.2  4.1  Source clk1_TRELLIS_FF_Q_CE_LUT4_C.F
Info:  0.7  4.8    Net clk1_TRELLIS_FF_Q_CE_LUT4_C_Z (3,5) -> (3,4)
Info:                Sink clk_counter_TRELLIS_FF_Q_2.LSR
Info:  0.4  5.2  Setup clk_counter_TRELLIS_FF_Q_2.LSR
Info: 0.7 ns logic, 4.6 ns routing

Info: Critical path report for cross-domain path '<async>' -> 'posedge $glbnet$clk1':
Info: curr total
Info:  0.0  0.0  Source rst$tr_io.O
Info:  1.7  1.7    Net rst$TRELLIS_IO_IN (6,50) -> (5,46)
Info:                Sink control_video0.state_TRELLIS_FF_Q_DI_PFUMX_Z_ALUT_LUT4_Z_A_LUT4_A_Z_LUT4_A.D
Info:                Defined in:
Info:                  Led_panel_video.v:4.19-4.22
Info:  0.2  1.9  Source control_video0.state_TRELLIS_FF_Q_DI_PFUMX_Z_ALUT_LUT4_Z_A_LUT4_A_Z_LUT4_A.F
Info:  0.9  2.8    Net NOE_TRELLIS_FF_Q_DI_LUT4_Z_B[1] (5,46) -> (8,46)
Info:                Sink Contador_index.inc_TRELLIS_FF_Q_LSR_LUT4_Z.C
Info:                Defined in:
Info:                  /home/juan-diego/miniconda3/envs/digital/bin/../share/yosys/ecp5/cells_map.v:108.23-108.24
Info:  0.2  3.0  Source Contador_index.inc_TRELLIS_FF_Q_LSR_LUT4_Z.F
Info:  0.6  3.7    Net Contador_index.inc_TRELLIS_FF_Q_LSR (8,46) -> (8,45)
Info:                Sink Contador_index.inc_TRELLIS_FF_Q.LSR
Info:  0.4  4.1  Setup Contador_index.inc_TRELLIS_FF_Q.LSR
Info: 0.9 ns logic, 3.2 ns routing

Info: Critical path report for cross-domain path 'posedge $glbnet$clk$TRELLIS_IO_IN' -> '<async>':
Info: curr total
Info:  0.5  0.5  Source clk1_TRELLIS_FF_Q.Q
Info:  2.5  3.1    Net clk1 (4,4) -> (5,32)
Info:                Sink LP_CLK_LUT4_Z.C
Info:                Defined in:
Info:                  Led_panel_video.v:139.95-144.6
Info:                  memory_principal.v:6.33-6.36
Info:  0.2  3.3  Source LP_CLK_LUT4_Z.F
Info:  1.4  4.7    Net LP_CLK$TRELLIS_IO_OUT (5,32) -> (0,32)
Info:                Sink LP_CLK$tr_io.I
Info:                Defined in:
Info:                  Led_panel_video.v:8.19-8.25
Info: 0.8 ns logic, 3.9 ns routing

Info: Critical path report for cross-domain path 'posedge $glbnet$clk1' -> '<async>':
Info: curr total
Info:  0.5  0.5  Source tmp_latch_TRELLIS_FF_Q.Q
Info:  1.4  1.9    Net tmp_latch (3,46) -> (3,43)
Info:                Sink LATCH_LUT4_Z.D
Info:                Defined in:
Info:                  Led_panel_video.v:41.10-41.19
Info:  0.2  2.2  Source LATCH_LUT4_Z.F
Info:  1.7  3.9    Net LATCH$TRELLIS_IO_OUT (3,43) -> (0,32)
Info:                Sink LATCH$tr_io.I
Info:                Defined in:
Info:                  Led_panel_video.v:9.19-9.24
Info: 0.8 ns logic, 3.1 ns routing

Info: Critical path report for cross-domain path 'negedge $glbnet$clk1' -> '<async>':
Info: curr total
Info:  0.5  0.5  Source Contador_index.outc_TRELLIS_FF_Q.Q
Info:  4.3  4.8    Net RGB0_LUT4_Z_1_D[0] (12,38) -> (46,10)
Info:                Sink RGB1_LUT4_Z_1_D_PFUMX_Z_BLUT_LUT4_Z.M
Info:                Defined in:
Info:                  Led_panel_video.v:46.17-46.22
Info:  0.3  5.1  Source RGB1_LUT4_Z_1_D_PFUMX_Z_BLUT_LUT4_Z.OFX
Info:  0.6  5.7    Net RGB1_LUT4_Z_1_D[3] (46,10) -> (48,10)
Info:                Sink RGB1_LUT4_Z_1.D
Info:                Defined in:
Info:                  /home/juan-diego/miniconda3/envs/digital/bin/../share/yosys/ecp5/cells_map.v:108.23-108.24
Info:  0.2  5.9  Source RGB1_LUT4_Z_1.F
Info:  3.1  9.1    Net RGB1[1]$TRELLIS_IO_OUT (48,10) -> (72,17)
Info:                Sink RGB1[1]$tr_io.I
Info:                Defined in:
Info:                  Led_panel_video.v:14.19-14.23
Info: 1.0 ns logic, 8.1 ns routing

Info: Max frequency for clock              '$glbnet$clk1': 56.82 MHz (PASS at 12.00 MHz)
Info: Max frequency for clock '$glbnet$clk$TRELLIS_IO_IN': 248.69 MHz (PASS at 25.00 MHz)

Info: Max delay <async>                           -> posedge $glbnet$clk$TRELLIS_IO_IN: 5.21 ns
Info: Max delay <async>                           -> posedge $glbnet$clk1             : 4.09 ns
Info: Max delay posedge $glbnet$clk$TRELLIS_IO_IN -> <async>                          : 4.67 ns
Info: Max delay posedge $glbnet$clk1              -> <async>                          : 3.87 ns
Info: Max delay negedge $glbnet$clk1              -> <async>                          : 9.08 ns

1 warning, 0 errors

Info: Program finished normally.
