#! /usr/bin/vvp
:ivl_version "12.0 (stable)";
:ivl_delay_selection "TYPICAL";
:vpi_time_precision - 12;
:vpi_module "/usr/lib/x86_64-linux-gnu/ivl/system.vpi";
:vpi_module "/usr/lib/x86_64-linux-gnu/ivl/vhdl_sys.vpi";
:vpi_module "/usr/lib/x86_64-linux-gnu/ivl/vhdl_textio.vpi";
:vpi_module "/usr/lib/x86_64-linux-gnu/ivl/v2005_math.vpi";
:vpi_module "/usr/lib/x86_64-linux-gnu/ivl/va_math.vpi";
S_0x5db2eb1d9760 .scope module, "peripheral_bcd2bin_TB" "peripheral_bcd2bin_TB" 2 4;
 .timescale -9 -12;
P_0x5db2eb1c3f60 .param/l "PERIOD" 0 2 26, +C4<00000000000000000000000000010100>;
v0x5db2eb20c3d0_0 .var "addr", 4 0;
v0x5db2eb20c4b0_0 .var "clk", 0 0;
v0x5db2eb20c550_0 .var "cs", 0 0;
v0x5db2eb20c5f0_0 .var "d_in", 19 0;
v0x5db2eb20c690_0 .net "d_out", 31 0, v0x5db2eb20bb20_0;  1 drivers
v0x5db2eb20c780_0 .var "rd", 0 0;
v0x5db2eb20c820_0 .var "reset", 0 0;
v0x5db2eb20c8c0_0 .var "wr", 0 0;
E_0x5db2eb1a73e0 .event posedge, v0x5db2eb205c90_0;
S_0x5db2eb1d81e0 .scope begin, "TEST_CASE" "TEST_CASE" 2 75, 2 75 0, S_0x5db2eb1d9760;
 .timescale -9 -12;
S_0x5db2eb1d8bb0 .scope module, "uut" "peripheral_bcd2bin" 2 15, 3 1 0, S_0x5db2eb1d9760;
 .timescale -9 -12;
    .port_info 0 /INPUT 1 "clk";
    .port_info 1 /INPUT 1 "reset";
    .port_info 2 /INPUT 20 "d_in";
    .port_info 3 /INPUT 1 "cs";
    .port_info 4 /INPUT 5 "addr";
    .port_info 5 /INPUT 1 "rd";
    .port_info 6 /INPUT 1 "wr";
    .port_info 7 /OUTPUT 32 "d_out";
v0x5db2eb20b6a0_0 .var "A", 19 0;
v0x5db2eb20b7d0_0 .net "addr", 4 0, v0x5db2eb20c3d0_0;  1 drivers
v0x5db2eb20b8b0_0 .net "clk", 0 0, v0x5db2eb20c4b0_0;  1 drivers
v0x5db2eb20b950_0 .net "cs", 0 0, v0x5db2eb20c550_0;  1 drivers
v0x5db2eb20b9f0_0 .net "d_in", 19 0, v0x5db2eb20c5f0_0;  1 drivers
v0x5db2eb20bb20_0 .var "d_out", 31 0;
v0x5db2eb20bc00_0 .net "done", 0 0, v0x5db2eb205c90_0;  1 drivers
v0x5db2eb20bcf0_0 .var "init", 0 0;
v0x5db2eb20bde0_0 .net "rd", 0 0, v0x5db2eb20c780_0;  1 drivers
v0x5db2eb20bf30_0 .net "reset", 0 0, v0x5db2eb20c820_0;  1 drivers
v0x5db2eb20bfd0_0 .net "result", 15 0, L_0x5db2eb20d160;  1 drivers
v0x5db2eb20c0e0_0 .var "s", 4 0;
v0x5db2eb20c1c0_0 .net "wr", 0 0, v0x5db2eb20c8c0_0;  1 drivers
E_0x5db2eb1a7670 .event anyedge, v0x5db2eb20b950_0, v0x5db2eb20b7d0_0;
S_0x5db2eb1d7500 .scope module, "bcd2bin0" "bcd2bin" 3 61, 4 1 0, S_0x5db2eb1d8bb0;
 .timescale -9 -12;
    .port_info 0 /INPUT 1 "clk";
    .port_info 1 /INPUT 1 "rst";
    .port_info 2 /INPUT 1 "init";
    .port_info 3 /INPUT 20 "A";
    .port_info 4 /OUTPUT 16 "result";
    .port_info 5 /OUTPUT 1 "done";
v0x5db2eb20a290_0 .net "A", 19 0, v0x5db2eb20b6a0_0;  1 drivers
v0x5db2eb20a370_0 .net *"_ivl_1", 0 0, L_0x5db2eb20c960;  1 drivers
v0x5db2eb20a430_0 .net *"_ivl_3", 0 0, L_0x5db2eb20ca80;  1 drivers
v0x5db2eb20a520_0 .net *"_ivl_5", 0 0, L_0x5db2eb20cb20;  1 drivers
v0x5db2eb20a600_0 .net *"_ivl_7", 0 0, L_0x5db2eb20cc80;  1 drivers
v0x5db2eb20a6e0_0 .net *"_ivl_9", 0 0, L_0x5db2eb20cd80;  1 drivers
v0x5db2eb20a7c0_0 .net "clk", 0 0, v0x5db2eb20c4b0_0;  alias, 1 drivers
v0x5db2eb20a860_0 .net "done", 0 0, v0x5db2eb205c90_0;  alias, 1 drivers
v0x5db2eb20a900_0 .net "init", 0 0, v0x5db2eb20bcf0_0;  1 drivers
v0x5db2eb20a9d0_0 .net "result", 15 0, L_0x5db2eb20d160;  alias, 1 drivers
v0x5db2eb20aaa0_0 .net "rst", 0 0, v0x5db2eb20c820_0;  alias, 1 drivers
v0x5db2eb20ab70_0 .net "w_LD", 4 0, v0x5db2eb209480_0;  1 drivers
v0x5db2eb20ac10_0 .net "w_MSB", 4 0, L_0x5db2eb20ce50;  1 drivers
v0x5db2eb20acb0_0 .net "w_MUX", 19 0, L_0x5db2eb20d8d0;  1 drivers
v0x5db2eb20ad50_0 .net "w_add", 0 0, v0x5db2eb205a00_0;  1 drivers
v0x5db2eb20adf0_0 .net "w_cen", 3 0, L_0x5db2eb20d4d0;  1 drivers
v0x5db2eb20aeb0_0 .net "w_dec", 3 0, L_0x5db2eb20d650;  1 drivers
v0x5db2eb20af80_0 .net "w_dmi", 3 0, L_0x5db2eb20d250;  1 drivers
v0x5db2eb20b050_0 .net "w_ld", 0 0, v0x5db2eb205e60_0;  1 drivers
v0x5db2eb20b0f0_0 .net "w_ld_in", 19 0, L_0x5db2eb20e020;  1 drivers
v0x5db2eb20b1c0_0 .net "w_ld_msb", 0 0, v0x5db2eb205f20_0;  1 drivers
v0x5db2eb20b260_0 .net "w_sel", 0 0, v0x5db2eb2060a0_0;  1 drivers
v0x5db2eb20b300_0 .net "w_sh", 0 0, v0x5db2eb206160_0;  1 drivers
v0x5db2eb20b3a0_0 .net "w_umi", 3 0, L_0x5db2eb20d390;  1 drivers
v0x5db2eb20b440_0 .net "w_uni", 3 0, L_0x5db2eb20d750;  1 drivers
v0x5db2eb20b510_0 .net "w_z", 0 0, v0x5db2eb206bd0_0;  1 drivers
L_0x5db2eb20c960 .part L_0x5db2eb20e020, 19, 1;
L_0x5db2eb20ca80 .part L_0x5db2eb20e020, 15, 1;
L_0x5db2eb20cb20 .part L_0x5db2eb20e020, 11, 1;
L_0x5db2eb20cc80 .part L_0x5db2eb20e020, 7, 1;
L_0x5db2eb20cd80 .part L_0x5db2eb20e020, 3, 1;
LS_0x5db2eb20ce50_0_0 .concat [ 1 1 1 1], L_0x5db2eb20cd80, L_0x5db2eb20cc80, L_0x5db2eb20cb20, L_0x5db2eb20ca80;
LS_0x5db2eb20ce50_0_4 .concat [ 1 0 0 0], L_0x5db2eb20c960;
L_0x5db2eb20ce50 .concat [ 4 1 0 0], LS_0x5db2eb20ce50_0_0, LS_0x5db2eb20ce50_0_4;
L_0x5db2eb20d250 .part L_0x5db2eb20d0c0, 16, 4;
L_0x5db2eb20d390 .part L_0x5db2eb20d0c0, 12, 4;
L_0x5db2eb20d4d0 .part L_0x5db2eb20d0c0, 8, 4;
L_0x5db2eb20d650 .part L_0x5db2eb20d0c0, 4, 4;
L_0x5db2eb20d750 .part L_0x5db2eb20d0c0, 0, 4;
LS_0x5db2eb20d8d0_0_0 .concat8 [ 4 4 4 4], v0x5db2eb207130_0, v0x5db2eb2077c0_0, v0x5db2eb207e10_0, v0x5db2eb208490_0;
LS_0x5db2eb20d8d0_0_4 .concat8 [ 4 0 0 0], v0x5db2eb208ac0_0;
L_0x5db2eb20d8d0 .concat8 [ 16 4 0 0], LS_0x5db2eb20d8d0_0_0, LS_0x5db2eb20d8d0_0_4;
L_0x5db2eb20daa0 .part L_0x5db2eb20d8d0, 0, 4;
L_0x5db2eb20db70 .part L_0x5db2eb20d8d0, 4, 4;
L_0x5db2eb20dc90 .part L_0x5db2eb20d8d0, 8, 4;
L_0x5db2eb20ddf0 .part L_0x5db2eb20d8d0, 12, 4;
L_0x5db2eb20df50 .part L_0x5db2eb20d8d0, 16, 4;
LS_0x5db2eb20e020_0_0 .concat8 [ 4 4 4 4], v0x5db2eb1e82e0_0, v0x5db2eb1d1ef0_0, v0x5db2eb2042f0_0, v0x5db2eb2048c0_0;
LS_0x5db2eb20e020_0_4 .concat8 [ 4 0 0 0], v0x5db2eb204f10_0;
L_0x5db2eb20e020 .concat8 [ 16 4 0 0], LS_0x5db2eb20e020_0_0, LS_0x5db2eb20e020_0_4;
S_0x5db2eb1d64d0 .scope module, "comp0" "add_sub_c2" 4 35, 5 1 0, S_0x5db2eb1d7500;
 .timescale -9 -12;
    .port_info 0 /INPUT 4 "in_A";
    .port_info 1 /INPUT 4 "in_B";
    .port_info 2 /OUTPUT 4 "Result";
v0x5db2eb1e82e0_0 .var "Result", 3 0;
v0x5db2eb1e5e00_0 .net "in_A", 3 0, L_0x5db2eb20d750;  alias, 1 drivers
v0x5db2eb1e69b0_0 .net "in_B", 3 0, L_0x5db2eb20daa0;  1 drivers
E_0x5db2eb1eb380 .event anyedge, v0x5db2eb1e5e00_0, v0x5db2eb1e69b0_0;
S_0x5db2eb203cf0 .scope module, "comp1" "add_sub_c2" 4 36, 5 1 0, S_0x5db2eb1d7500;
 .timescale -9 -12;
    .port_info 0 /INPUT 4 "in_A";
    .port_info 1 /INPUT 4 "in_B";
    .port_info 2 /OUTPUT 4 "Result";
v0x5db2eb1d1ef0_0 .var "Result", 3 0;
v0x5db2eb1da630_0 .net "in_A", 3 0, L_0x5db2eb20d650;  alias, 1 drivers
v0x5db2eb1e1010_0 .net "in_B", 3 0, L_0x5db2eb20db70;  1 drivers
E_0x5db2eb1eb250 .event anyedge, v0x5db2eb1da630_0, v0x5db2eb1e1010_0;
S_0x5db2eb2040a0 .scope module, "comp2" "add_sub_c2" 4 37, 5 1 0, S_0x5db2eb1d7500;
 .timescale -9 -12;
    .port_info 0 /INPUT 4 "in_A";
    .port_info 1 /INPUT 4 "in_B";
    .port_info 2 /OUTPUT 4 "Result";
v0x5db2eb2042f0_0 .var "Result", 3 0;
v0x5db2eb2043f0_0 .net "in_A", 3 0, L_0x5db2eb20d4d0;  alias, 1 drivers
v0x5db2eb2044d0_0 .net "in_B", 3 0, L_0x5db2eb20dc90;  1 drivers
E_0x5db2eb1ea620 .event anyedge, v0x5db2eb2043f0_0, v0x5db2eb2044d0_0;
S_0x5db2eb204610 .scope module, "comp3" "add_sub_c2" 4 38, 5 1 0, S_0x5db2eb1d7500;
 .timescale -9 -12;
    .port_info 0 /INPUT 4 "in_A";
    .port_info 1 /INPUT 4 "in_B";
    .port_info 2 /OUTPUT 4 "Result";
v0x5db2eb2048c0_0 .var "Result", 3 0;
v0x5db2eb2049c0_0 .net "in_A", 3 0, L_0x5db2eb20d390;  alias, 1 drivers
v0x5db2eb204aa0_0 .net "in_B", 3 0, L_0x5db2eb20ddf0;  1 drivers
E_0x5db2eb204840 .event anyedge, v0x5db2eb2049c0_0, v0x5db2eb204aa0_0;
S_0x5db2eb204c10 .scope module, "comp4" "add_sub_c2" 4 39, 5 1 0, S_0x5db2eb1d7500;
 .timescale -9 -12;
    .port_info 0 /INPUT 4 "in_A";
    .port_info 1 /INPUT 4 "in_B";
    .port_info 2 /OUTPUT 4 "Result";
v0x5db2eb204f10_0 .var "Result", 3 0;
v0x5db2eb205010_0 .net "in_A", 3 0, L_0x5db2eb20d250;  alias, 1 drivers
v0x5db2eb2050f0_0 .net "in_B", 3 0, L_0x5db2eb20df50;  1 drivers
E_0x5db2eb204e90 .event anyedge, v0x5db2eb205010_0, v0x5db2eb2050f0_0;
S_0x5db2eb205230 .scope module, "control0" "ctrl_b2b" 4 43, 6 1 0, S_0x5db2eb1d7500;
 .timescale -9 -12;
    .port_info 0 /INPUT 1 "clk";
    .port_info 1 /INPUT 1 "rst";
    .port_info 2 /INPUT 1 "init";
    .port_info 3 /OUTPUT 1 "done";
    .port_info 4 /OUTPUT 1 "sh";
    .port_info 5 /OUTPUT 1 "ld";
    .port_info 6 /OUTPUT 1 "sel";
    .port_info 7 /OUTPUT 1 "ld_msb";
    .port_info 8 /OUTPUT 1 "add";
    .port_info 9 /INPUT 1 "z";
P_0x5db2eb205410 .param/l "ADD" 0 6 23, C4<011>;
P_0x5db2eb205450 .param/l "CHECK" 0 6 21, C4<001>;
P_0x5db2eb205490 .param/l "END1" 0 6 25, C4<101>;
P_0x5db2eb2054d0 .param/l "LOAD_A2" 0 6 24, C4<100>;
P_0x5db2eb205510 .param/l "SHIFT_DEC" 0 6 22, C4<010>;
P_0x5db2eb205550 .param/l "START" 0 6 20, C4<000>;
v0x5db2eb205a00_0 .var "add", 0 0;
v0x5db2eb205ae0_0 .net "clk", 0 0, v0x5db2eb20c4b0_0;  alias, 1 drivers
v0x5db2eb205ba0_0 .var "count", 3 0;
v0x5db2eb205c90_0 .var "done", 0 0;
v0x5db2eb205d50_0 .net "init", 0 0, v0x5db2eb20bcf0_0;  alias, 1 drivers
v0x5db2eb205e60_0 .var "ld", 0 0;
v0x5db2eb205f20_0 .var "ld_msb", 0 0;
v0x5db2eb205fe0_0 .net "rst", 0 0, v0x5db2eb20c820_0;  alias, 1 drivers
v0x5db2eb2060a0_0 .var "sel", 0 0;
v0x5db2eb206160_0 .var "sh", 0 0;
v0x5db2eb206220_0 .var "state", 2 0;
v0x5db2eb206300_0 .var "state_name", 320 1;
v0x5db2eb2063e0_0 .net "z", 0 0, v0x5db2eb206bd0_0;  alias, 1 drivers
E_0x5db2eb205940 .event anyedge, v0x5db2eb206220_0;
E_0x5db2eb2059a0 .event posedge, v0x5db2eb205ae0_0;
S_0x5db2eb206640 .scope module, "count0" "cnt_bin2bcd" 4 42, 7 1 0, S_0x5db2eb1d7500;
 .timescale -9 -12;
    .port_info 0 /INPUT 1 "clk";
    .port_info 1 /INPUT 1 "ld";
    .port_info 2 /INPUT 1 "dec";
    .port_info 3 /OUTPUT 1 "z";
v0x5db2eb206850_0 .net "clk", 0 0, v0x5db2eb20c4b0_0;  alias, 1 drivers
v0x5db2eb206940_0 .var "cont", 4 0;
v0x5db2eb206a00_0 .net "dec", 0 0, v0x5db2eb206160_0;  alias, 1 drivers
v0x5db2eb206b00_0 .net "ld", 0 0, v0x5db2eb205e60_0;  alias, 1 drivers
v0x5db2eb206bd0_0 .var "z", 0 0;
E_0x5db2eb2067d0 .event negedge, v0x5db2eb205ae0_0;
S_0x5db2eb206cf0 .scope module, "mux0" "mux" 4 30, 8 1 0, S_0x5db2eb1d7500;
 .timescale -9 -12;
    .port_info 0 /INPUT 4 "in1";
    .port_info 1 /INPUT 4 "in2";
    .port_info 2 /OUTPUT 4 "out";
    .port_info 3 /INPUT 1 "sel";
L_0x777c71292018 .functor BUFT 1, C4<1101>, C4<0>, C4<0>, C4<0>;
v0x5db2eb206f50_0 .net "in1", 3 0, L_0x777c71292018;  1 drivers
L_0x777c71292060 .functor BUFT 1, C4<1011>, C4<0>, C4<0>, C4<0>;
v0x5db2eb207050_0 .net "in2", 3 0, L_0x777c71292060;  1 drivers
v0x5db2eb207130_0 .var "out", 3 0;
v0x5db2eb207220_0 .net "sel", 0 0, v0x5db2eb2060a0_0;  alias, 1 drivers
E_0x5db2eb206ed0 .event anyedge, v0x5db2eb2060a0_0, v0x5db2eb207050_0, v0x5db2eb206f50_0;
S_0x5db2eb207380 .scope module, "mux1" "mux" 4 31, 8 1 0, S_0x5db2eb1d7500;
 .timescale -9 -12;
    .port_info 0 /INPUT 4 "in1";
    .port_info 1 /INPUT 4 "in2";
    .port_info 2 /OUTPUT 4 "out";
    .port_info 3 /INPUT 1 "sel";
L_0x777c712920a8 .functor BUFT 1, C4<1101>, C4<0>, C4<0>, C4<0>;
v0x5db2eb2075e0_0 .net "in1", 3 0, L_0x777c712920a8;  1 drivers
L_0x777c712920f0 .functor BUFT 1, C4<1011>, C4<0>, C4<0>, C4<0>;
v0x5db2eb2076e0_0 .net "in2", 3 0, L_0x777c712920f0;  1 drivers
v0x5db2eb2077c0_0 .var "out", 3 0;
v0x5db2eb2078b0_0 .net "sel", 0 0, v0x5db2eb2060a0_0;  alias, 1 drivers
E_0x5db2eb207560 .event anyedge, v0x5db2eb2060a0_0, v0x5db2eb2076e0_0, v0x5db2eb2075e0_0;
S_0x5db2eb2079d0 .scope module, "mux2" "mux" 4 32, 8 1 0, S_0x5db2eb1d7500;
 .timescale -9 -12;
    .port_info 0 /INPUT 4 "in1";
    .port_info 1 /INPUT 4 "in2";
    .port_info 2 /OUTPUT 4 "out";
    .port_info 3 /INPUT 1 "sel";
L_0x777c71292138 .functor BUFT 1, C4<1101>, C4<0>, C4<0>, C4<0>;
v0x5db2eb207c30_0 .net "in1", 3 0, L_0x777c71292138;  1 drivers
L_0x777c71292180 .functor BUFT 1, C4<1011>, C4<0>, C4<0>, C4<0>;
v0x5db2eb207d30_0 .net "in2", 3 0, L_0x777c71292180;  1 drivers
v0x5db2eb207e10_0 .var "out", 3 0;
v0x5db2eb207f00_0 .net "sel", 0 0, v0x5db2eb2060a0_0;  alias, 1 drivers
E_0x5db2eb207bb0 .event anyedge, v0x5db2eb2060a0_0, v0x5db2eb207d30_0, v0x5db2eb207c30_0;
S_0x5db2eb208050 .scope module, "mux3" "mux" 4 33, 8 1 0, S_0x5db2eb1d7500;
 .timescale -9 -12;
    .port_info 0 /INPUT 4 "in1";
    .port_info 1 /INPUT 4 "in2";
    .port_info 2 /OUTPUT 4 "out";
    .port_info 3 /INPUT 1 "sel";
L_0x777c712921c8 .functor BUFT 1, C4<1101>, C4<0>, C4<0>, C4<0>;
v0x5db2eb2082b0_0 .net "in1", 3 0, L_0x777c712921c8;  1 drivers
L_0x777c71292210 .functor BUFT 1, C4<1011>, C4<0>, C4<0>, C4<0>;
v0x5db2eb2083b0_0 .net "in2", 3 0, L_0x777c71292210;  1 drivers
v0x5db2eb208490_0 .var "out", 3 0;
v0x5db2eb208580_0 .net "sel", 0 0, v0x5db2eb2060a0_0;  alias, 1 drivers
E_0x5db2eb208230 .event anyedge, v0x5db2eb2060a0_0, v0x5db2eb2083b0_0, v0x5db2eb2082b0_0;
S_0x5db2eb2086d0 .scope module, "mux4" "mux" 4 34, 8 1 0, S_0x5db2eb1d7500;
 .timescale -9 -12;
    .port_info 0 /INPUT 4 "in1";
    .port_info 1 /INPUT 4 "in2";
    .port_info 2 /OUTPUT 4 "out";
    .port_info 3 /INPUT 1 "sel";
L_0x777c71292258 .functor BUFT 1, C4<1101>, C4<0>, C4<0>, C4<0>;
v0x5db2eb2088e0_0 .net "in1", 3 0, L_0x777c71292258;  1 drivers
L_0x777c712922a0 .functor BUFT 1, C4<1011>, C4<0>, C4<0>, C4<0>;
v0x5db2eb2089e0_0 .net "in2", 3 0, L_0x777c712922a0;  1 drivers
v0x5db2eb208ac0_0 .var "out", 3 0;
v0x5db2eb208bb0_0 .net "sel", 0 0, v0x5db2eb2060a0_0;  alias, 1 drivers
E_0x5db2eb208860 .event anyedge, v0x5db2eb2060a0_0, v0x5db2eb2089e0_0, v0x5db2eb2088e0_0;
S_0x5db2eb208d00 .scope module, "reg0" "reg_msb" 4 40, 9 1 0, S_0x5db2eb1d7500;
 .timescale -9 -12;
    .port_info 0 /INPUT 1 "clk";
    .port_info 1 /INPUT 1 "reset";
    .port_info 2 /INPUT 5 "in";
    .port_info 3 /OUTPUT 5 "out";
    .port_info 4 /INPUT 1 "ld";
    .port_info 5 /INPUT 1 "oe";
v0x5db2eb209040_0 .net "clk", 0 0, v0x5db2eb20c4b0_0;  alias, 1 drivers
v0x5db2eb209150_0 .var "cont", 4 0;
v0x5db2eb209230_0 .net "in", 4 0, L_0x5db2eb20ce50;  alias, 1 drivers
v0x5db2eb2092f0_0 .net "ld", 0 0, v0x5db2eb205f20_0;  alias, 1 drivers
v0x5db2eb209390_0 .net "oe", 0 0, v0x5db2eb205a00_0;  alias, 1 drivers
v0x5db2eb209480_0 .var "out", 4 0;
v0x5db2eb209520_0 .net "reset", 0 0, v0x5db2eb205e60_0;  alias, 1 drivers
E_0x5db2eb208fc0 .event anyedge, v0x5db2eb205a00_0, v0x5db2eb209150_0;
S_0x5db2eb209710 .scope module, "rsr40" "rsr4" 4 29, 10 1 0, S_0x5db2eb1d7500;
 .timescale -9 -12;
    .port_info 0 /INPUT 1 "clk";
    .port_info 1 /INPUT 1 "rst_ld";
    .port_info 2 /INPUT 1 "shift";
    .port_info 3 /INPUT 5 "lda2";
    .port_info 4 /INPUT 20 "in_R1";
    .port_info 5 /INPUT 20 "in_R2";
    .port_info 6 /OUTPUT 20 "out_R";
    .port_info 7 /OUTPUT 16 "out_R2";
v0x5db2eb209a10_0 .net "clk", 0 0, v0x5db2eb20c4b0_0;  alias, 1 drivers
v0x5db2eb209ad0_0 .var "data", 35 0;
v0x5db2eb209bb0_0 .net "in_R1", 19 0, v0x5db2eb20b6a0_0;  alias, 1 drivers
v0x5db2eb209c70_0 .net "in_R2", 19 0, L_0x5db2eb20e020;  alias, 1 drivers
v0x5db2eb209d50_0 .net "lda2", 4 0, v0x5db2eb209480_0;  alias, 1 drivers
v0x5db2eb209e60_0 .net "out_R", 19 0, L_0x5db2eb20d0c0;  1 drivers
v0x5db2eb209f20_0 .net "out_R2", 15 0, L_0x5db2eb20d160;  alias, 1 drivers
v0x5db2eb20a000_0 .net "rst_ld", 0 0, v0x5db2eb205e60_0;  alias, 1 drivers
v0x5db2eb20a0a0_0 .net "shift", 0 0, v0x5db2eb206160_0;  alias, 1 drivers
L_0x5db2eb20d0c0 .part v0x5db2eb209ad0_0, 16, 20;
L_0x5db2eb20d160 .part v0x5db2eb209ad0_0, 0, 16;
    .scope S_0x5db2eb209710;
T_0 ;
    %wait E_0x5db2eb2067d0;
    %load/vec4 v0x5db2eb20a000_0;
    %flag_set/vec4 8;
    %jmp/0xz  T_0.0, 8;
    %pushi/vec4 0, 0, 16;
    %ix/load 4, 0, 0;
    %ix/load 5, 0, 0;
    %flag_set/imm 4, 0;
    %assign/vec4/off/d v0x5db2eb209ad0_0, 4, 5;
    %load/vec4 v0x5db2eb209bb0_0;
    %ix/load 4, 16, 0;
    %ix/load 5, 0, 0;
    %flag_set/imm 4, 0;
    %assign/vec4/off/d v0x5db2eb209ad0_0, 4, 5;
    %jmp T_0.1;
T_0.0 ;
    %load/vec4 v0x5db2eb20a0a0_0;
    %flag_set/vec4 8;
    %jmp/0xz  T_0.2, 8;
    %pushi/vec4 0, 0, 1;
    %load/vec4 v0x5db2eb209ad0_0;
    %parti/s 35, 1, 2;
    %concat/vec4; draw_concat_vec4
    %assign/vec4 v0x5db2eb209ad0_0, 0;
    %jmp T_0.3;
T_0.2 ;
    %load/vec4 v0x5db2eb209d50_0;
    %parti/s 1, 4, 4;
    %pad/u 32;
    %cmpi/e 1, 0, 32;
    %jmp/0xz  T_0.4, 4;
    %load/vec4 v0x5db2eb209c70_0;
    %parti/s 4, 16, 6;
    %ix/load 4, 32, 0;
    %ix/load 5, 0, 0;
    %flag_set/imm 4, 0;
    %assign/vec4/off/d v0x5db2eb209ad0_0, 4, 5;
T_0.4 ;
    %load/vec4 v0x5db2eb209d50_0;
    %parti/s 1, 3, 3;
    %pad/u 32;
    %cmpi/e 1, 0, 32;
    %jmp/0xz  T_0.6, 4;
    %load/vec4 v0x5db2eb209c70_0;
    %parti/s 4, 12, 5;
    %ix/load 4, 28, 0;
    %ix/load 5, 0, 0;
    %flag_set/imm 4, 0;
    %assign/vec4/off/d v0x5db2eb209ad0_0, 4, 5;
T_0.6 ;
    %load/vec4 v0x5db2eb209d50_0;
    %parti/s 1, 2, 3;
    %pad/u 32;
    %cmpi/e 1, 0, 32;
    %jmp/0xz  T_0.8, 4;
    %load/vec4 v0x5db2eb209c70_0;
    %parti/s 4, 8, 5;
    %ix/load 4, 24, 0;
    %ix/load 5, 0, 0;
    %flag_set/imm 4, 0;
    %assign/vec4/off/d v0x5db2eb209ad0_0, 4, 5;
T_0.8 ;
    %load/vec4 v0x5db2eb209d50_0;
    %parti/s 1, 1, 2;
    %pad/u 32;
    %cmpi/e 1, 0, 32;
    %jmp/0xz  T_0.10, 4;
    %load/vec4 v0x5db2eb209c70_0;
    %parti/s 4, 4, 4;
    %ix/load 4, 20, 0;
    %ix/load 5, 0, 0;
    %flag_set/imm 4, 0;
    %assign/vec4/off/d v0x5db2eb209ad0_0, 4, 5;
T_0.10 ;
    %load/vec4 v0x5db2eb209d50_0;
    %parti/s 1, 0, 2;
    %pad/u 32;
    %cmpi/e 1, 0, 32;
    %jmp/0xz  T_0.12, 4;
    %load/vec4 v0x5db2eb209c70_0;
    %parti/s 4, 0, 2;
    %ix/load 4, 16, 0;
    %ix/load 5, 0, 0;
    %flag_set/imm 4, 0;
    %assign/vec4/off/d v0x5db2eb209ad0_0, 4, 5;
T_0.12 ;
T_0.3 ;
T_0.1 ;
    %jmp T_0;
    .thread T_0;
    .scope S_0x5db2eb206cf0;
T_1 ;
    %wait E_0x5db2eb206ed0;
    %load/vec4 v0x5db2eb207220_0;
    %flag_set/vec4 8;
    %jmp/0xz  T_1.0, 8;
    %load/vec4 v0x5db2eb207050_0;
    %store/vec4 v0x5db2eb207130_0, 0, 4;
    %jmp T_1.1;
T_1.0 ;
    %load/vec4 v0x5db2eb206f50_0;
    %store/vec4 v0x5db2eb207130_0, 0, 4;
T_1.1 ;
    %jmp T_1;
    .thread T_1, $push;
    .scope S_0x5db2eb207380;
T_2 ;
    %wait E_0x5db2eb207560;
    %load/vec4 v0x5db2eb2078b0_0;
    %flag_set/vec4 8;
    %jmp/0xz  T_2.0, 8;
    %load/vec4 v0x5db2eb2076e0_0;
    %store/vec4 v0x5db2eb2077c0_0, 0, 4;
    %jmp T_2.1;
T_2.0 ;
    %load/vec4 v0x5db2eb2075e0_0;
    %store/vec4 v0x5db2eb2077c0_0, 0, 4;
T_2.1 ;
    %jmp T_2;
    .thread T_2, $push;
    .scope S_0x5db2eb2079d0;
T_3 ;
    %wait E_0x5db2eb207bb0;
    %load/vec4 v0x5db2eb207f00_0;
    %flag_set/vec4 8;
    %jmp/0xz  T_3.0, 8;
    %load/vec4 v0x5db2eb207d30_0;
    %store/vec4 v0x5db2eb207e10_0, 0, 4;
    %jmp T_3.1;
T_3.0 ;
    %load/vec4 v0x5db2eb207c30_0;
    %store/vec4 v0x5db2eb207e10_0, 0, 4;
T_3.1 ;
    %jmp T_3;
    .thread T_3, $push;
    .scope S_0x5db2eb208050;
T_4 ;
    %wait E_0x5db2eb208230;
    %load/vec4 v0x5db2eb208580_0;
    %flag_set/vec4 8;
    %jmp/0xz  T_4.0, 8;
    %load/vec4 v0x5db2eb2083b0_0;
    %store/vec4 v0x5db2eb208490_0, 0, 4;
    %jmp T_4.1;
T_4.0 ;
    %load/vec4 v0x5db2eb2082b0_0;
    %store/vec4 v0x5db2eb208490_0, 0, 4;
T_4.1 ;
    %jmp T_4;
    .thread T_4, $push;
    .scope S_0x5db2eb2086d0;
T_5 ;
    %wait E_0x5db2eb208860;
    %load/vec4 v0x5db2eb208bb0_0;
    %flag_set/vec4 8;
    %jmp/0xz  T_5.0, 8;
    %load/vec4 v0x5db2eb2089e0_0;
    %store/vec4 v0x5db2eb208ac0_0, 0, 4;
    %jmp T_5.1;
T_5.0 ;
    %load/vec4 v0x5db2eb2088e0_0;
    %store/vec4 v0x5db2eb208ac0_0, 0, 4;
T_5.1 ;
    %jmp T_5;
    .thread T_5, $push;
    .scope S_0x5db2eb1d64d0;
T_6 ;
    %wait E_0x5db2eb1eb380;
    %load/vec4 v0x5db2eb1e5e00_0;
    %load/vec4 v0x5db2eb1e69b0_0;
    %add;
    %store/vec4 v0x5db2eb1e82e0_0, 0, 4;
    %jmp T_6;
    .thread T_6, $push;
    .scope S_0x5db2eb203cf0;
T_7 ;
    %wait E_0x5db2eb1eb250;
    %load/vec4 v0x5db2eb1da630_0;
    %load/vec4 v0x5db2eb1e1010_0;
    %add;
    %store/vec4 v0x5db2eb1d1ef0_0, 0, 4;
    %jmp T_7;
    .thread T_7, $push;
    .scope S_0x5db2eb2040a0;
T_8 ;
    %wait E_0x5db2eb1ea620;
    %load/vec4 v0x5db2eb2043f0_0;
    %load/vec4 v0x5db2eb2044d0_0;
    %add;
    %store/vec4 v0x5db2eb2042f0_0, 0, 4;
    %jmp T_8;
    .thread T_8, $push;
    .scope S_0x5db2eb204610;
T_9 ;
    %wait E_0x5db2eb204840;
    %load/vec4 v0x5db2eb2049c0_0;
    %load/vec4 v0x5db2eb204aa0_0;
    %add;
    %store/vec4 v0x5db2eb2048c0_0, 0, 4;
    %jmp T_9;
    .thread T_9, $push;
    .scope S_0x5db2eb204c10;
T_10 ;
    %wait E_0x5db2eb204e90;
    %load/vec4 v0x5db2eb205010_0;
    %load/vec4 v0x5db2eb2050f0_0;
    %add;
    %store/vec4 v0x5db2eb204f10_0, 0, 4;
    %jmp T_10;
    .thread T_10, $push;
    .scope S_0x5db2eb208d00;
T_11 ;
    %wait E_0x5db2eb208fc0;
    %load/vec4 v0x5db2eb209390_0;
    %flag_set/vec4 8;
    %jmp/0xz  T_11.0, 8;
    %load/vec4 v0x5db2eb209150_0;
    %inv;
    %store/vec4 v0x5db2eb209480_0, 0, 5;
    %jmp T_11.1;
T_11.0 ;
    %pushi/vec4 0, 0, 5;
    %store/vec4 v0x5db2eb209480_0, 0, 5;
T_11.1 ;
    %jmp T_11;
    .thread T_11, $push;
    .scope S_0x5db2eb208d00;
T_12 ;
    %wait E_0x5db2eb2067d0;
    %load/vec4 v0x5db2eb209520_0;
    %flag_set/vec4 8;
    %jmp/0xz  T_12.0, 8;
    %pushi/vec4 0, 0, 5;
    %assign/vec4 v0x5db2eb209150_0, 0;
    %jmp T_12.1;
T_12.0 ;
    %load/vec4 v0x5db2eb2092f0_0;
    %flag_set/vec4 8;
    %jmp/0xz  T_12.2, 8;
    %load/vec4 v0x5db2eb209230_0;
    %assign/vec4 v0x5db2eb209150_0, 0;
T_12.2 ;
T_12.1 ;
    %jmp T_12;
    .thread T_12;
    .scope S_0x5db2eb206640;
T_13 ;
    %pushi/vec4 8, 0, 5;
    %store/vec4 v0x5db2eb206940_0, 0, 5;
    %end;
    .thread T_13;
    .scope S_0x5db2eb206640;
T_14 ;
    %wait E_0x5db2eb2067d0;
    %load/vec4 v0x5db2eb206b00_0;
    %flag_set/vec4 8;
    %jmp/0xz  T_14.0, 8;
    %pushi/vec4 16, 0, 5;
    %assign/vec4 v0x5db2eb206940_0, 0;
    %jmp T_14.1;
T_14.0 ;
    %load/vec4 v0x5db2eb206a00_0;
    %flag_set/vec4 8;
    %jmp/0xz  T_14.2, 8;
    %load/vec4 v0x5db2eb206940_0;
    %subi 1, 0, 5;
    %assign/vec4 v0x5db2eb206940_0, 0;
    %jmp T_14.3;
T_14.2 ;
    %load/vec4 v0x5db2eb206940_0;
    %assign/vec4 v0x5db2eb206940_0, 0;
T_14.3 ;
T_14.1 ;
    %load/vec4 v0x5db2eb206940_0;
    %pad/u 32;
    %cmpi/e 0, 0, 32;
    %flag_mov 8, 4;
    %jmp/0 T_14.4, 8;
    %pushi/vec4 1, 0, 2;
    %jmp/1 T_14.5, 8;
T_14.4 ; End of true expr.
    %pushi/vec4 0, 0, 2;
    %jmp/0 T_14.5, 8;
 ; End of false expr.
    %blend;
T_14.5;
    %pad/s 1;
    %store/vec4 v0x5db2eb206bd0_0, 0, 1;
    %jmp T_14;
    .thread T_14;
    .scope S_0x5db2eb205230;
T_15 ;
    %wait E_0x5db2eb2059a0;
    %load/vec4 v0x5db2eb205fe0_0;
    %flag_set/vec4 8;
    %jmp/0xz  T_15.0, 8;
    %pushi/vec4 0, 0, 3;
    %store/vec4 v0x5db2eb206220_0, 0, 3;
    %pushi/vec4 0, 0, 4;
    %store/vec4 v0x5db2eb205ba0_0, 0, 4;
    %jmp T_15.1;
T_15.0 ;
    %load/vec4 v0x5db2eb206220_0;
    %dup/vec4;
    %pushi/vec4 0, 0, 3;
    %cmp/u;
    %jmp/1 T_15.2, 6;
    %dup/vec4;
    %pushi/vec4 2, 0, 3;
    %cmp/u;
    %jmp/1 T_15.3, 6;
    %dup/vec4;
    %pushi/vec4 1, 0, 3;
    %cmp/u;
    %jmp/1 T_15.4, 6;
    %dup/vec4;
    %pushi/vec4 4, 0, 3;
    %cmp/u;
    %jmp/1 T_15.5, 6;
    %dup/vec4;
    %pushi/vec4 3, 0, 3;
    %cmp/u;
    %jmp/1 T_15.6, 6;
    %dup/vec4;
    %pushi/vec4 5, 0, 3;
    %cmp/u;
    %jmp/1 T_15.7, 6;
    %pushi/vec4 0, 0, 3;
    %store/vec4 v0x5db2eb206220_0, 0, 3;
    %jmp T_15.9;
T_15.2 ;
    %load/vec4 v0x5db2eb205d50_0;
    %flag_set/vec4 8;
    %jmp/0xz  T_15.10, 8;
    %pushi/vec4 2, 0, 3;
    %store/vec4 v0x5db2eb206220_0, 0, 3;
    %jmp T_15.11;
T_15.10 ;
    %pushi/vec4 0, 0, 3;
    %store/vec4 v0x5db2eb206220_0, 0, 3;
T_15.11 ;
    %jmp T_15.9;
T_15.3 ;
    %pushi/vec4 1, 0, 3;
    %store/vec4 v0x5db2eb206220_0, 0, 3;
    %jmp T_15.9;
T_15.4 ;
    %load/vec4 v0x5db2eb2063e0_0;
    %flag_set/vec4 8;
    %jmp/0xz  T_15.12, 8;
    %pushi/vec4 5, 0, 3;
    %store/vec4 v0x5db2eb206220_0, 0, 3;
    %jmp T_15.13;
T_15.12 ;
    %pushi/vec4 4, 0, 3;
    %store/vec4 v0x5db2eb206220_0, 0, 3;
T_15.13 ;
    %jmp T_15.9;
T_15.5 ;
    %pushi/vec4 3, 0, 3;
    %store/vec4 v0x5db2eb206220_0, 0, 3;
    %jmp T_15.9;
T_15.6 ;
    %pushi/vec4 2, 0, 3;
    %store/vec4 v0x5db2eb206220_0, 0, 3;
    %jmp T_15.9;
T_15.7 ;
    %load/vec4 v0x5db2eb205ba0_0;
    %addi 1, 0, 4;
    %store/vec4 v0x5db2eb205ba0_0, 0, 4;
    %load/vec4 v0x5db2eb205ba0_0;
    %pad/u 32;
    %cmpi/u 9, 0, 32;
    %flag_or 5, 4; GT is !LE
    %flag_inv 5;
    %flag_mov 8, 5;
    %jmp/0 T_15.14, 8;
    %pushi/vec4 0, 0, 3;
    %jmp/1 T_15.15, 8;
T_15.14 ; End of true expr.
    %pushi/vec4 5, 0, 3;
    %jmp/0 T_15.15, 8;
 ; End of false expr.
    %blend;
T_15.15;
    %store/vec4 v0x5db2eb206220_0, 0, 3;
    %jmp T_15.9;
T_15.9 ;
    %pop/vec4 1;
T_15.1 ;
    %jmp T_15;
    .thread T_15;
    .scope S_0x5db2eb205230;
T_16 ;
    %wait E_0x5db2eb205940;
    %load/vec4 v0x5db2eb206220_0;
    %dup/vec4;
    %pushi/vec4 0, 0, 3;
    %cmp/u;
    %jmp/1 T_16.0, 6;
    %dup/vec4;
    %pushi/vec4 2, 0, 3;
    %cmp/u;
    %jmp/1 T_16.1, 6;
    %dup/vec4;
    %pushi/vec4 1, 0, 3;
    %cmp/u;
    %jmp/1 T_16.2, 6;
    %dup/vec4;
    %pushi/vec4 4, 0, 3;
    %cmp/u;
    %jmp/1 T_16.3, 6;
    %dup/vec4;
    %pushi/vec4 3, 0, 3;
    %cmp/u;
    %jmp/1 T_16.4, 6;
    %dup/vec4;
    %pushi/vec4 5, 0, 3;
    %cmp/u;
    %jmp/1 T_16.5, 6;
    %jmp T_16.6;
T_16.0 ;
    %pushi/vec4 0, 0, 1;
    %store/vec4 v0x5db2eb205c90_0, 0, 1;
    %pushi/vec4 0, 0, 1;
    %store/vec4 v0x5db2eb205f20_0, 0, 1;
    %pushi/vec4 0, 0, 1;
    %store/vec4 v0x5db2eb2060a0_0, 0, 1;
    %pushi/vec4 0, 0, 1;
    %store/vec4 v0x5db2eb206160_0, 0, 1;
    %pushi/vec4 1, 0, 1;
    %store/vec4 v0x5db2eb205e60_0, 0, 1;
    %pushi/vec4 0, 0, 1;
    %store/vec4 v0x5db2eb205a00_0, 0, 1;
    %jmp T_16.6;
T_16.1 ;
    %pushi/vec4 0, 0, 1;
    %store/vec4 v0x5db2eb205c90_0, 0, 1;
    %pushi/vec4 1, 0, 1;
    %store/vec4 v0x5db2eb205f20_0, 0, 1;
    %pushi/vec4 1, 0, 1;
    %store/vec4 v0x5db2eb2060a0_0, 0, 1;
    %pushi/vec4 1, 0, 1;
    %store/vec4 v0x5db2eb206160_0, 0, 1;
    %pushi/vec4 0, 0, 1;
    %store/vec4 v0x5db2eb205e60_0, 0, 1;
    %pushi/vec4 0, 0, 1;
    %store/vec4 v0x5db2eb205a00_0, 0, 1;
    %jmp T_16.6;
T_16.2 ;
    %pushi/vec4 0, 0, 1;
    %store/vec4 v0x5db2eb205c90_0, 0, 1;
    %pushi/vec4 1, 0, 1;
    %store/vec4 v0x5db2eb205f20_0, 0, 1;
    %pushi/vec4 1, 0, 1;
    %store/vec4 v0x5db2eb2060a0_0, 0, 1;
    %pushi/vec4 0, 0, 1;
    %store/vec4 v0x5db2eb206160_0, 0, 1;
    %pushi/vec4 0, 0, 1;
    %store/vec4 v0x5db2eb205e60_0, 0, 1;
    %pushi/vec4 0, 0, 1;
    %store/vec4 v0x5db2eb205a00_0, 0, 1;
    %jmp T_16.6;
T_16.3 ;
    %pushi/vec4 0, 0, 1;
    %store/vec4 v0x5db2eb205c90_0, 0, 1;
    %pushi/vec4 0, 0, 1;
    %store/vec4 v0x5db2eb205f20_0, 0, 1;
    %pushi/vec4 0, 0, 1;
    %store/vec4 v0x5db2eb2060a0_0, 0, 1;
    %pushi/vec4 0, 0, 1;
    %store/vec4 v0x5db2eb206160_0, 0, 1;
    %pushi/vec4 0, 0, 1;
    %store/vec4 v0x5db2eb205e60_0, 0, 1;
    %pushi/vec4 1, 0, 1;
    %store/vec4 v0x5db2eb205a00_0, 0, 1;
    %jmp T_16.6;
T_16.4 ;
    %pushi/vec4 0, 0, 1;
    %store/vec4 v0x5db2eb205c90_0, 0, 1;
    %pushi/vec4 0, 0, 1;
    %store/vec4 v0x5db2eb205f20_0, 0, 1;
    %pushi/vec4 0, 0, 1;
    %store/vec4 v0x5db2eb2060a0_0, 0, 1;
    %pushi/vec4 0, 0, 1;
    %store/vec4 v0x5db2eb206160_0, 0, 1;
    %pushi/vec4 0, 0, 1;
    %store/vec4 v0x5db2eb205e60_0, 0, 1;
    %pushi/vec4 0, 0, 1;
    %store/vec4 v0x5db2eb205a00_0, 0, 1;
    %jmp T_16.6;
T_16.5 ;
    %pushi/vec4 1, 0, 1;
    %store/vec4 v0x5db2eb205c90_0, 0, 1;
    %pushi/vec4 0, 0, 1;
    %store/vec4 v0x5db2eb205f20_0, 0, 1;
    %pushi/vec4 0, 0, 1;
    %store/vec4 v0x5db2eb2060a0_0, 0, 1;
    %pushi/vec4 0, 0, 1;
    %store/vec4 v0x5db2eb206160_0, 0, 1;
    %pushi/vec4 0, 0, 1;
    %store/vec4 v0x5db2eb205e60_0, 0, 1;
    %pushi/vec4 0, 0, 1;
    %store/vec4 v0x5db2eb205a00_0, 0, 1;
    %jmp T_16.6;
T_16.6 ;
    %pop/vec4 1;
    %jmp T_16;
    .thread T_16, $push;
    .scope S_0x5db2eb205230;
T_17 ;
    %wait E_0x5db2eb205940;
    %load/vec4 v0x5db2eb206220_0;
    %dup/vec4;
    %pushi/vec4 0, 0, 3;
    %cmp/u;
    %jmp/1 T_17.0, 6;
    %dup/vec4;
    %pushi/vec4 1, 0, 3;
    %cmp/u;
    %jmp/1 T_17.1, 6;
    %dup/vec4;
    %pushi/vec4 2, 0, 3;
    %cmp/u;
    %jmp/1 T_17.2, 6;
    %dup/vec4;
    %pushi/vec4 3, 0, 3;
    %cmp/u;
    %jmp/1 T_17.3, 6;
    %dup/vec4;
    %pushi/vec4 4, 0, 3;
    %cmp/u;
    %jmp/1 T_17.4, 6;
    %dup/vec4;
    %pushi/vec4 5, 0, 3;
    %cmp/u;
    %jmp/1 T_17.5, 6;
    %jmp T_17.6;
T_17.0 ;
    %pushi/vec4 0, 0, 32; draw_string_vec4
    %pushi/vec4 0, 0, 32; draw_string_vec4
    %concat/vec4; draw_string_vec4
    %pushi/vec4 0, 0, 32; draw_string_vec4
    %concat/vec4; draw_string_vec4
    %pushi/vec4 0, 0, 32; draw_string_vec4
    %concat/vec4; draw_string_vec4
    %pushi/vec4 0, 0, 32; draw_string_vec4
    %concat/vec4; draw_string_vec4
    %pushi/vec4 0, 0, 32; draw_string_vec4
    %concat/vec4; draw_string_vec4
    %pushi/vec4 0, 0, 32; draw_string_vec4
    %concat/vec4; draw_string_vec4
    %pushi/vec4 0, 0, 32; draw_string_vec4
    %concat/vec4; draw_string_vec4
    %pushi/vec4 83, 0, 32; draw_string_vec4
    %concat/vec4; draw_string_vec4
    %pushi/vec4 1413567060, 0, 32; draw_string_vec4
    %concat/vec4; draw_string_vec4
    %store/vec4 v0x5db2eb206300_0, 0, 320;
    %jmp T_17.6;
T_17.1 ;
    %pushi/vec4 0, 0, 32; draw_string_vec4
    %pushi/vec4 0, 0, 32; draw_string_vec4
    %concat/vec4; draw_string_vec4
    %pushi/vec4 0, 0, 32; draw_string_vec4
    %concat/vec4; draw_string_vec4
    %pushi/vec4 0, 0, 32; draw_string_vec4
    %concat/vec4; draw_string_vec4
    %pushi/vec4 0, 0, 32; draw_string_vec4
    %concat/vec4; draw_string_vec4
    %pushi/vec4 0, 0, 32; draw_string_vec4
    %concat/vec4; draw_string_vec4
    %pushi/vec4 0, 0, 32; draw_string_vec4
    %concat/vec4; draw_string_vec4
    %pushi/vec4 0, 0, 32; draw_string_vec4
    %concat/vec4; draw_string_vec4
    %pushi/vec4 67, 0, 32; draw_string_vec4
    %concat/vec4; draw_string_vec4
    %pushi/vec4 1212498763, 0, 32; draw_string_vec4
    %concat/vec4; draw_string_vec4
    %store/vec4 v0x5db2eb206300_0, 0, 320;
    %jmp T_17.6;
T_17.2 ;
    %pushi/vec4 0, 0, 32; draw_string_vec4
    %pushi/vec4 0, 0, 32; draw_string_vec4
    %concat/vec4; draw_string_vec4
    %pushi/vec4 0, 0, 32; draw_string_vec4
    %concat/vec4; draw_string_vec4
    %pushi/vec4 0, 0, 32; draw_string_vec4
    %concat/vec4; draw_string_vec4
    %pushi/vec4 0, 0, 32; draw_string_vec4
    %concat/vec4; draw_string_vec4
    %pushi/vec4 0, 0, 32; draw_string_vec4
    %concat/vec4; draw_string_vec4
    %pushi/vec4 0, 0, 32; draw_string_vec4
    %concat/vec4; draw_string_vec4
    %pushi/vec4 83, 0, 32; draw_string_vec4
    %concat/vec4; draw_string_vec4
    %pushi/vec4 1212761684, 0, 32; draw_string_vec4
    %concat/vec4; draw_string_vec4
    %pushi/vec4 1598309699, 0, 32; draw_string_vec4
    %concat/vec4; draw_string_vec4
    %store/vec4 v0x5db2eb206300_0, 0, 320;
    %jmp T_17.6;
T_17.3 ;
    %pushi/vec4 0, 0, 32; draw_string_vec4
    %pushi/vec4 0, 0, 32; draw_string_vec4
    %concat/vec4; draw_string_vec4
    %pushi/vec4 0, 0, 32; draw_string_vec4
    %concat/vec4; draw_string_vec4
    %pushi/vec4 0, 0, 32; draw_string_vec4
    %concat/vec4; draw_string_vec4
    %pushi/vec4 0, 0, 32; draw_string_vec4
    %concat/vec4; draw_string_vec4
    %pushi/vec4 0, 0, 32; draw_string_vec4
    %concat/vec4; draw_string_vec4
    %pushi/vec4 0, 0, 32; draw_string_vec4
    %concat/vec4; draw_string_vec4
    %pushi/vec4 0, 0, 32; draw_string_vec4
    %concat/vec4; draw_string_vec4
    %pushi/vec4 0, 0, 32; draw_string_vec4
    %concat/vec4; draw_string_vec4
    %pushi/vec4 4277316, 0, 32; draw_string_vec4
    %concat/vec4; draw_string_vec4
    %store/vec4 v0x5db2eb206300_0, 0, 320;
    %jmp T_17.6;
T_17.4 ;
    %pushi/vec4 0, 0, 32; draw_string_vec4
    %pushi/vec4 0, 0, 32; draw_string_vec4
    %concat/vec4; draw_string_vec4
    %pushi/vec4 0, 0, 32; draw_string_vec4
    %concat/vec4; draw_string_vec4
    %pushi/vec4 0, 0, 32; draw_string_vec4
    %concat/vec4; draw_string_vec4
    %pushi/vec4 0, 0, 32; draw_string_vec4
    %concat/vec4; draw_string_vec4
    %pushi/vec4 0, 0, 32; draw_string_vec4
    %concat/vec4; draw_string_vec4
    %pushi/vec4 0, 0, 32; draw_string_vec4
    %concat/vec4; draw_string_vec4
    %pushi/vec4 0, 0, 32; draw_string_vec4
    %concat/vec4; draw_string_vec4
    %pushi/vec4 5001025, 0, 32; draw_string_vec4
    %concat/vec4; draw_string_vec4
    %pushi/vec4 1147093298, 0, 32; draw_string_vec4
    %concat/vec4; draw_string_vec4
    %store/vec4 v0x5db2eb206300_0, 0, 320;
    %jmp T_17.6;
T_17.5 ;
    %pushi/vec4 0, 0, 32; draw_string_vec4
    %pushi/vec4 0, 0, 32; draw_string_vec4
    %concat/vec4; draw_string_vec4
    %pushi/vec4 0, 0, 32; draw_string_vec4
    %concat/vec4; draw_string_vec4
    %pushi/vec4 0, 0, 32; draw_string_vec4
    %concat/vec4; draw_string_vec4
    %pushi/vec4 0, 0, 32; draw_string_vec4
    %concat/vec4; draw_string_vec4
    %pushi/vec4 0, 0, 32; draw_string_vec4
    %concat/vec4; draw_string_vec4
    %pushi/vec4 0, 0, 32; draw_string_vec4
    %concat/vec4; draw_string_vec4
    %pushi/vec4 0, 0, 32; draw_string_vec4
    %concat/vec4; draw_string_vec4
    %pushi/vec4 0, 0, 32; draw_string_vec4
    %concat/vec4; draw_string_vec4
    %pushi/vec4 1162757169, 0, 32; draw_string_vec4
    %concat/vec4; draw_string_vec4
    %store/vec4 v0x5db2eb206300_0, 0, 320;
    %jmp T_17.6;
T_17.6 ;
    %pop/vec4 1;
    %jmp T_17;
    .thread T_17, $push;
    .scope S_0x5db2eb1d8bb0;
T_18 ;
    %wait E_0x5db2eb1a7670;
    %load/vec4 v0x5db2eb20b950_0;
    %flag_set/vec4 8;
    %jmp/0xz  T_18.0, 8;
    %load/vec4 v0x5db2eb20b7d0_0;
    %dup/vec4;
    %pushi/vec4 4, 0, 5;
    %cmp/u;
    %jmp/1 T_18.2, 6;
    %dup/vec4;
    %pushi/vec4 12, 0, 5;
    %cmp/u;
    %jmp/1 T_18.3, 6;
    %dup/vec4;
    %pushi/vec4 16, 0, 5;
    %cmp/u;
    %jmp/1 T_18.4, 6;
    %dup/vec4;
    %pushi/vec4 20, 0, 5;
    %cmp/u;
    %jmp/1 T_18.5, 6;
    %pushi/vec4 0, 0, 5;
    %store/vec4 v0x5db2eb20c0e0_0, 0, 5;
    %jmp T_18.7;
T_18.2 ;
    %pushi/vec4 1, 0, 5;
    %store/vec4 v0x5db2eb20c0e0_0, 0, 5;
    %jmp T_18.7;
T_18.3 ;
    %pushi/vec4 4, 0, 5;
    %store/vec4 v0x5db2eb20c0e0_0, 0, 5;
    %jmp T_18.7;
T_18.4 ;
    %pushi/vec4 8, 0, 5;
    %store/vec4 v0x5db2eb20c0e0_0, 0, 5;
    %jmp T_18.7;
T_18.5 ;
    %pushi/vec4 16, 0, 5;
    %store/vec4 v0x5db2eb20c0e0_0, 0, 5;
    %jmp T_18.7;
T_18.7 ;
    %pop/vec4 1;
    %jmp T_18.1;
T_18.0 ;
    %pushi/vec4 0, 0, 5;
    %store/vec4 v0x5db2eb20c0e0_0, 0, 5;
T_18.1 ;
    %jmp T_18;
    .thread T_18, $push;
    .scope S_0x5db2eb1d8bb0;
T_19 ;
    %wait E_0x5db2eb2067d0;
    %load/vec4 v0x5db2eb20bf30_0;
    %flag_set/vec4 8;
    %jmp/0xz  T_19.0, 8;
    %pushi/vec4 0, 0, 1;
    %store/vec4 v0x5db2eb20bcf0_0, 0, 1;
    %pushi/vec4 0, 0, 20;
    %store/vec4 v0x5db2eb20b6a0_0, 0, 20;
    %jmp T_19.1;
T_19.0 ;
    %load/vec4 v0x5db2eb20b950_0;
    %flag_set/vec4 9;
    %flag_get/vec4 9;
    %jmp/0 T_19.4, 9;
    %load/vec4 v0x5db2eb20c1c0_0;
    %and;
T_19.4;
    %flag_set/vec4 8;
    %jmp/0xz  T_19.2, 8;
    %load/vec4 v0x5db2eb20c0e0_0;
    %parti/s 1, 0, 2;
    %flag_set/vec4 8;
    %jmp/0 T_19.5, 8;
    %load/vec4 v0x5db2eb20b9f0_0;
    %jmp/1 T_19.6, 8;
T_19.5 ; End of true expr.
    %load/vec4 v0x5db2eb20b6a0_0;
    %jmp/0 T_19.6, 8;
 ; End of false expr.
    %blend;
T_19.6;
    %store/vec4 v0x5db2eb20b6a0_0, 0, 20;
    %load/vec4 v0x5db2eb20c0e0_0;
    %parti/s 1, 2, 3;
    %flag_set/vec4 8;
    %jmp/0 T_19.7, 8;
    %load/vec4 v0x5db2eb20b9f0_0;
    %parti/s 1, 0, 2;
    %jmp/1 T_19.8, 8;
T_19.7 ; End of true expr.
    %load/vec4 v0x5db2eb20bcf0_0;
    %jmp/0 T_19.8, 8;
 ; End of false expr.
    %blend;
T_19.8;
    %store/vec4 v0x5db2eb20bcf0_0, 0, 1;
T_19.2 ;
T_19.1 ;
    %jmp T_19;
    .thread T_19;
    .scope S_0x5db2eb1d8bb0;
T_20 ;
    %wait E_0x5db2eb2067d0;
    %load/vec4 v0x5db2eb20bf30_0;
    %flag_set/vec4 8;
    %jmp/0xz  T_20.0, 8;
    %pushi/vec4 0, 0, 32;
    %store/vec4 v0x5db2eb20bb20_0, 0, 32;
    %jmp T_20.1;
T_20.0 ;
    %load/vec4 v0x5db2eb20b950_0;
    %flag_set/vec4 8;
    %jmp/0xz  T_20.2, 8;
    %load/vec4 v0x5db2eb20c0e0_0;
    %dup/vec4;
    %pushi/vec4 8, 0, 5;
    %cmp/u;
    %jmp/1 T_20.4, 6;
    %dup/vec4;
    %pushi/vec4 16, 0, 5;
    %cmp/u;
    %jmp/1 T_20.5, 6;
    %jmp T_20.6;
T_20.4 ;
    %pushi/vec4 0, 0, 16;
    %load/vec4 v0x5db2eb20bfd0_0;
    %concat/vec4; draw_concat_vec4
    %store/vec4 v0x5db2eb20bb20_0, 0, 32;
    %jmp T_20.6;
T_20.5 ;
    %pushi/vec4 0, 0, 31;
    %load/vec4 v0x5db2eb20bc00_0;
    %concat/vec4; draw_concat_vec4
    %store/vec4 v0x5db2eb20bb20_0, 0, 32;
    %jmp T_20.6;
T_20.6 ;
    %pop/vec4 1;
T_20.2 ;
T_20.1 ;
    %jmp T_20;
    .thread T_20;
    .scope S_0x5db2eb1d9760;
T_21 ;
    %pushi/vec4 0, 0, 1;
    %store/vec4 v0x5db2eb20c4b0_0, 0, 1;
    %pushi/vec4 0, 0, 1;
    %store/vec4 v0x5db2eb20c820_0, 0, 1;
    %pushi/vec4 0, 0, 20;
    %store/vec4 v0x5db2eb20c5f0_0, 0, 20;
    %pushi/vec4 0, 0, 5;
    %store/vec4 v0x5db2eb20c3d0_0, 0, 5;
    %pushi/vec4 0, 0, 1;
    %store/vec4 v0x5db2eb20c550_0, 0, 1;
    %pushi/vec4 0, 0, 1;
    %store/vec4 v0x5db2eb20c780_0, 0, 1;
    %pushi/vec4 0, 0, 1;
    %store/vec4 v0x5db2eb20c8c0_0, 0, 1;
    %end;
    .thread T_21;
    .scope S_0x5db2eb1d9760;
T_22 ;
    %pushi/vec4 0, 0, 1;
    %assign/vec4 v0x5db2eb20c4b0_0, 0;
    %end;
    .thread T_22;
    .scope S_0x5db2eb1d9760;
T_23 ;
    %delay 10000, 0;
    %load/vec4 v0x5db2eb20c4b0_0;
    %inv;
    %assign/vec4 v0x5db2eb20c4b0_0, 0;
    %jmp T_23;
    .thread T_23;
    .scope S_0x5db2eb1d9760;
T_24 ;
T_24.0 ;
    %wait E_0x5db2eb2059a0;
    %pushi/vec4 1, 0, 1;
    %store/vec4 v0x5db2eb20c820_0, 0, 1;
    %wait E_0x5db2eb2059a0;
    %pushi/vec4 0, 0, 1;
    %store/vec4 v0x5db2eb20c820_0, 0, 1;
    %delay 80000, 0;
    %pushi/vec4 1, 0, 1;
    %store/vec4 v0x5db2eb20c550_0, 0, 1;
    %pushi/vec4 0, 0, 1;
    %store/vec4 v0x5db2eb20c780_0, 0, 1;
    %pushi/vec4 1, 0, 1;
    %store/vec4 v0x5db2eb20c8c0_0, 0, 1;
    %pushi/vec4 74565, 0, 20;
    %store/vec4 v0x5db2eb20c5f0_0, 0, 20;
    %pushi/vec4 4, 0, 5;
    %store/vec4 v0x5db2eb20c3d0_0, 0, 5;
    %delay 20000, 0;
    %pushi/vec4 0, 0, 1;
    %store/vec4 v0x5db2eb20c550_0, 0, 1;
    %pushi/vec4 0, 0, 1;
    %store/vec4 v0x5db2eb20c780_0, 0, 1;
    %pushi/vec4 0, 0, 1;
    %store/vec4 v0x5db2eb20c8c0_0, 0, 1;
    %delay 80000, 0;
    %pushi/vec4 0, 0, 1;
    %store/vec4 v0x5db2eb20c550_0, 0, 1;
    %pushi/vec4 0, 0, 1;
    %store/vec4 v0x5db2eb20c780_0, 0, 1;
    %pushi/vec4 0, 0, 1;
    %store/vec4 v0x5db2eb20c8c0_0, 0, 1;
    %delay 60000, 0;
    %pushi/vec4 1, 0, 1;
    %store/vec4 v0x5db2eb20c550_0, 0, 1;
    %pushi/vec4 0, 0, 1;
    %store/vec4 v0x5db2eb20c780_0, 0, 1;
    %pushi/vec4 1, 0, 1;
    %store/vec4 v0x5db2eb20c8c0_0, 0, 1;
    %pushi/vec4 1, 0, 20;
    %store/vec4 v0x5db2eb20c5f0_0, 0, 20;
    %pushi/vec4 12, 0, 5;
    %store/vec4 v0x5db2eb20c3d0_0, 0, 5;
    %delay 20000, 0;
    %pushi/vec4 0, 0, 1;
    %store/vec4 v0x5db2eb20c550_0, 0, 1;
    %pushi/vec4 0, 0, 1;
    %store/vec4 v0x5db2eb20c780_0, 0, 1;
    %pushi/vec4 0, 0, 1;
    %store/vec4 v0x5db2eb20c8c0_0, 0, 1;
    %wait E_0x5db2eb1a73e0;
    %pushi/vec4 1, 0, 1;
    %store/vec4 v0x5db2eb20c550_0, 0, 1;
    %pushi/vec4 1, 0, 1;
    %store/vec4 v0x5db2eb20c780_0, 0, 1;
    %pushi/vec4 0, 0, 1;
    %store/vec4 v0x5db2eb20c8c0_0, 0, 1;
    %pushi/vec4 20, 0, 5;
    %store/vec4 v0x5db2eb20c3d0_0, 0, 5;
    %delay 20000, 0;
    %pushi/vec4 0, 0, 1;
    %store/vec4 v0x5db2eb20c550_0, 0, 1;
    %pushi/vec4 0, 0, 1;
    %store/vec4 v0x5db2eb20c780_0, 0, 1;
    %pushi/vec4 0, 0, 1;
    %store/vec4 v0x5db2eb20c8c0_0, 0, 1;
    %delay 20000, 0;
    %pushi/vec4 1, 0, 1;
    %store/vec4 v0x5db2eb20c550_0, 0, 1;
    %pushi/vec4 1, 0, 1;
    %store/vec4 v0x5db2eb20c780_0, 0, 1;
    %pushi/vec4 0, 0, 1;
    %store/vec4 v0x5db2eb20c8c0_0, 0, 1;
    %pushi/vec4 16, 0, 5;
    %store/vec4 v0x5db2eb20c3d0_0, 0, 5;
    %delay 20000, 0;
    %pushi/vec4 0, 0, 1;
    %store/vec4 v0x5db2eb20c550_0, 0, 1;
    %pushi/vec4 0, 0, 1;
    %store/vec4 v0x5db2eb20c780_0, 0, 1;
    %pushi/vec4 0, 0, 1;
    %store/vec4 v0x5db2eb20c8c0_0, 0, 1;
    %delay 600000, 0;
    %jmp T_24.0;
    %end;
    .thread T_24;
    .scope S_0x5db2eb1d9760;
T_25 ;
    %fork t_1, S_0x5db2eb1d81e0;
    %jmp t_0;
    .scope S_0x5db2eb1d81e0;
t_1 ;
    %vpi_call 2 76 "$dumpfile", "perip_bcd2bin_TB.vcd" {0 0 0};
    %vpi_call 2 77 "$dumpvars", 32'sb11111111111111111111111111111111, S_0x5db2eb1d9760 {0 0 0};
    %delay 2000000, 0;
    %vpi_call 2 78 "$finish" {0 0 0};
    %end;
    .scope S_0x5db2eb1d9760;
t_0 %join;
    %end;
    .thread T_25;
# The file index is used to find the file name in the following table.
:file_names 11;
    "N/A";
    "<interactive>";
    "perip_bcd2bin_TB.v";
    "perip_bcd2bin.v";
    "bcd2bin.v";
    "add_sub_c2.v";
    "ctrl_b2b.v";
    "count.v";
    "mux2.v";
    "reg_msb.v";
    "rsr4.v";
